This is pdfTeX, Version 3.14159265-2.6-1.40.21 (TeX Live 2020/W32TeX) (preloaded format=pdflatex 2020.4.21)  24 JUL 2020 16:53
entering extended mode
 restricted \write18 enabled.
 file:line:error style messages enabled.
 %&-line parsing enabled.
**a:/Zeug/NaturalUnits/main.tex
(a:/Zeug/NaturalUnits/main.tex
LaTeX2e <2020-02-02> patch level 5
L3 programming layer <2020-04-06> (c:/Users/p4jo/AppData/Roaming/texlive/2020/texmf-dist/tex/latex/koma-script/scrreprt.cls
Document Class: scrreprt 2020/01/24 v3.29 KOMA-Script document class (report)
(c:/Users/p4jo/AppData/Roaming/texlive/2020/texmf-dist/tex/latex/koma-script/scrkbase.sty
Package: scrkbase 2020/01/24 v3.29 KOMA-Script package (KOMA-Script-dependent basics and keyval usage)
 (c:/Users/p4jo/AppData/Roaming/texlive/2020/texmf-dist/tex/latex/koma-script/scrbase.sty
Package: scrbase 2020/01/24 v3.29 KOMA-Script package (KOMA-Script-independent basics and keyval usage)
 (c:/Users/p4jo/AppData/Roaming/texlive/2020/texmf-dist/tex/latex/graphics/keyval.sty
Package: keyval 2014/10/28 v1.15 key=value parser (DPC)
\KV@toks@=\toks15
) (c:/Users/p4jo/AppData/Roaming/texlive/2020/texmf-dist/tex/latex/koma-script/scrlfile.sty
Package: scrlfile 2020/01/24 v3.29 KOMA-Script package (loading files)
))) (c:/Users/p4jo/AppData/Roaming/texlive/2020/texmf-dist/tex/latex/koma-script/tocbasic.sty
Package: tocbasic 2020/01/24 v3.29 KOMA-Script package (handling toc-files)
\scr@dte@tocline@numberwidth=\skip47
\scr@dte@tocline@numbox=\box45
)
Package tocbasic Info: omitting babel extension for `toc'
(tocbasic)             because of feature `nobabel' available
(tocbasic)             for `toc' on input line 137.
Package scrreprt Info: You've used standard option `12pt'.
(scrreprt)             This is correct!
(scrreprt)             Internally I'm using `fontsize=12pt'.
(scrreprt)             If you'd like to set the option with \KOMAoptions,
(scrreprt)             you'd have to use `fontsize=12pt' there
(scrreprt)             instead of `12pt', too.
Class scrreprt Info: File `scrsize12pt.clo' used to setup font sizes on input line 2421.
 (c:/Users/p4jo/AppData/Roaming/texlive/2020/texmf-dist/tex/latex/koma-script/scrsize12pt.clo
File: scrsize12pt.clo 2020/01/24 v3.29 KOMA-Script font size class option (12pt)
) (c:/Users/p4jo/AppData/Roaming/texlive/2020/texmf-dist/tex/latex/koma-script/typearea.sty
Package: typearea 2020/01/24 v3.29 KOMA-Script package (type area)
\ta@bcor=\skip48
\ta@div=\count167
\ta@hblk=\skip49
\ta@vblk=\skip50
\ta@temp=\skip51
\footheight=\skip52
Package typearea Info: These are the values describing the layout:
(typearea)             DIV  = 13
(typearea)             BCOR = 28.45274pt
(typearea)             \paperwidth      = 597.50793pt
(typearea)              \textwidth      = 437.73479pt
(typearea)              DIV departure   = -3%
(typearea)              \evensidemargin = 15.27695pt
(typearea)              \oddsidemargin  = -0.04378pt
(typearea)             \paperheight     = 845.04694pt
(typearea)              \textheight     = 664.5pt
(typearea)              \topmargin      = -47.14139pt
(typearea)              \headheight     = 18.125pt
(typearea)              \headsep        = 21.75pt
(typearea)              \topskip        = 12.0pt
(typearea)              \footskip       = 50.75pt
(typearea)              \baselineskip   = 14.5pt
(typearea)              on input line 1719.
)
\c@part=\count168
\c@chapter=\count169
\c@section=\count170
\c@subsection=\count171
\c@subsubsection=\count172
\c@paragraph=\count173
\c@subparagraph=\count174
\scr@dte@chapter@maxnumwidth=\skip53
Class scrreprt Info: using compatibility default `afterindent=bysign'
(scrreprt)           for `\chapter on input line 5547.
\scr@dte@section@maxnumwidth=\skip54
Class scrreprt Info: using compatibility default `runin=bysign'
(scrreprt)           for `\section on input line 5557.
Class scrreprt Info: using compatibility default `afterindent=bysign'
(scrreprt)           for `\section on input line 5557.
\scr@dte@part@maxnumwidth=\skip55
Class scrreprt Info: using compatibility default `afterindent=true'
(scrreprt)           for `\part on input line 5566.
\scr@dte@subsection@maxnumwidth=\skip56
Class scrreprt Info: using compatibility default `runin=bysign'
(scrreprt)           for `\subsection on input line 5576.
Class scrreprt Info: using compatibility default `afterindent=bysign'
(scrreprt)           for `\subsection on input line 5576.
\scr@dte@subsubsection@maxnumwidth=\skip57
Class scrreprt Info: using compatibility default `runin=bysign'
(scrreprt)           for `\subsubsection on input line 5586.
Class scrreprt Info: using compatibility default `afterindent=bysign'
(scrreprt)           for `\subsubsection on input line 5586.
\scr@dte@paragraph@maxnumwidth=\skip58
Class scrreprt Info: using compatibility default `runin=bysign'
(scrreprt)           for `\paragraph on input line 5596.
Class scrreprt Info: using compatibility default `afterindent=bysign'
(scrreprt)           for `\paragraph on input line 5596.
\scr@dte@subparagraph@maxnumwidth=\skip59
Class scrreprt Info: using compatibility default `runin=bysign'
(scrreprt)           for `\subparagraph on input line 5606.
Class scrreprt Info: using compatibility default `afterindent=bysign'
(scrreprt)           for `\subparagraph on input line 5606.
\abovecaptionskip=\skip60
\belowcaptionskip=\skip61
\c@pti@nb@sid@b@x=\box46
Package tocbasic Info: omitting babel extension for `lof'
(tocbasic)             because of feature `nobabel' available
(tocbasic)             for `lof' on input line 6842.
\scr@dte@figure@maxnumwidth=\skip62
\c@figure=\count175
Package tocbasic Info: omitting babel extension for `lot'
(tocbasic)             because of feature `nobabel' available
(tocbasic)             for `lot' on input line 6859.
\scr@dte@table@maxnumwidth=\skip63
\c@table=\count176
Class scrreprt Info: Redefining `\numberline' on input line 7028.
\bibindent=\dimen134
) (c:/Users/p4jo/AppData/Roaming/texlive/2020/texmf-dist/tex/latex/base/fontenc.sty
Package: fontenc 2020/02/11 v2.0o Standard LaTeX package
) (c:/Users/p4jo/AppData/Roaming/texlive/2020/texmf-dist/tex/latex/base/inputenc.sty
Package: inputenc 2018/08/11 v1.3c Input encoding file
\inpenc@prehook=\toks16
\inpenc@posthook=\toks17
) (c:/Users/p4jo/AppData/Roaming/texlive/2020/texmf-dist/tex/generic/babel/babel.sty
Package: babel 2020/03/22 3.42 The Babel package
 (c:/Users/p4jo/AppData/Roaming/texlive/2020/texmf-dist/tex/generic/babel/switch.def
File: switch.def 2020/03/22 3.42 Babel switching mechanism
) (c:/Users/p4jo/AppData/Roaming/texlive/2020/texmf-dist/tex/generic/babel-greek/greek.ldf
Language: greek 2020/03/17 v1.9j Greek support for the babel system
 (c:/Users/p4jo/AppData/Roaming/texlive/2020/texmf-dist/tex/generic/babel/babel.def
File: babel.def 2020/03/22 3.42 Babel common definitions
\babel@savecnt=\count177
\U@D=\dimen135
 (c:/Users/p4jo/AppData/Roaming/texlive/2020/texmf-dist/tex/generic/babel/txtbabel.def)
\bbl@readstream=\read2
\bbl@dirlevel=\count178
)
\bbl@monogreek=\count179
\bbl@polygreek=\count180
\bbl@ancientgreek=\count181
 (c:/Users/p4jo/AppData/Roaming/texlive/2020/texmf-dist/tex/latex/greek-fontenc/lgrenc.def
File: lgrenc.def 2019/07/09 v0.13.3 LGR Greek font encoding definitions
Now handling font encoding LGR ...
... processing UTF-8 mapping file for font encoding LGR
 (c:/Users/p4jo/AppData/Roaming/texlive/2020/texmf-dist/tex/latex/greek-inputenc/lgrenc.dfu
File: lgrenc.dfu 2019/07/11 1.7 UTF-8 support for Greek
   defining Unicode char U+00A8 (decimal 168)
   defining Unicode char U+00AB (decimal 171)
   defining Unicode char U+00AF (decimal 175)
   defining Unicode char U+00B4 (decimal 180)
   defining Unicode char U+00B7 (decimal 183)
   defining Unicode char U+00BB (decimal 187)
   defining Unicode char U+0259 (decimal 601)
   defining Unicode char U+02D8 (decimal 728)
   defining Unicode char U+0374 (decimal 884)
   defining Unicode char U+0375 (decimal 885)
   defining Unicode char U+037A (decimal 890)
   defining Unicode char U+037E (decimal 894)
   defining Unicode char U+0384 (decimal 900)
   defining Unicode char U+0385 (decimal 901)
   defining Unicode char U+0386 (decimal 902)
   defining Unicode char U+0387 (decimal 903)
   defining Unicode char U+0388 (decimal 904)
   defining Unicode char U+0389 (decimal 905)
   defining Unicode char U+038A (decimal 906)
   defining Unicode char U+038C (decimal 908)
   defining Unicode char U+038E (decimal 910)
   defining Unicode char U+038F (decimal 911)
   defining Unicode char U+0390 (decimal 912)
   defining Unicode char U+0391 (decimal 913)
   defining Unicode char U+0392 (decimal 914)
   defining Unicode char U+0393 (decimal 915)
   defining Unicode char U+0394 (decimal 916)
   defining Unicode char U+0395 (decimal 917)
   defining Unicode char U+0396 (decimal 918)
   defining Unicode char U+0397 (decimal 919)
   defining Unicode char U+0398 (decimal 920)
   defining Unicode char U+0399 (decimal 921)
   defining Unicode char U+039A (decimal 922)
   defining Unicode char U+039B (decimal 923)
   defining Unicode char U+039C (decimal 924)
   defining Unicode char U+039D (decimal 925)
   defining Unicode char U+039E (decimal 926)
   defining Unicode char U+039F (decimal 927)
   defining Unicode char U+03A0 (decimal 928)
   defining Unicode char U+03A1 (decimal 929)
   defining Unicode char U+03A3 (decimal 931)
   defining Unicode char U+03A4 (decimal 932)
   defining Unicode char U+03A5 (decimal 933)
   defining Unicode char U+03A6 (decimal 934)
   defining Unicode char U+03A7 (decimal 935)
   defining Unicode char U+03A8 (decimal 936)
   defining Unicode char U+03A9 (decimal 937)
   defining Unicode char U+03AA (decimal 938)
   defining Unicode char U+03AB (decimal 939)
   defining Unicode char U+03AC (decimal 940)
   defining Unicode char U+03AD (decimal 941)
   defining Unicode char U+03AE (decimal 942)
   defining Unicode char U+03AF (decimal 943)
   defining Unicode char U+03B0 (decimal 944)
   defining Unicode char U+03B1 (decimal 945)
   defining Unicode char U+03B2 (decimal 946)
   defining Unicode char U+03B3 (decimal 947)
   defining Unicode char U+03B4 (decimal 948)
   defining Unicode char U+03B5 (decimal 949)
   defining Unicode char U+03B6 (decimal 950)
   defining Unicode char U+03B7 (decimal 951)
   defining Unicode char U+03B8 (decimal 952)
   defining Unicode char U+03B9 (decimal 953)
   defining Unicode char U+03BA (decimal 954)
   defining Unicode char U+03BB (decimal 955)
   defining Unicode char U+03BC (decimal 956)
   defining Unicode char U+03BD (decimal 957)
   defining Unicode char U+03BE (decimal 958)
   defining Unicode char U+03BF (decimal 959)
   defining Unicode char U+03C0 (decimal 960)
   defining Unicode char U+03C1 (decimal 961)
   defining Unicode char U+03C2 (decimal 962)
   defining Unicode char U+03C3 (decimal 963)
   defining Unicode char U+03C4 (decimal 964)
   defining Unicode char U+03C5 (decimal 965)
   defining Unicode char U+03C6 (decimal 966)
   defining Unicode char U+03C7 (decimal 967)
   defining Unicode char U+03C8 (decimal 968)
   defining Unicode char U+03C9 (decimal 969)
   defining Unicode char U+03CA (decimal 970)
   defining Unicode char U+03CB (decimal 971)
   defining Unicode char U+03CC (decimal 972)
   defining Unicode char U+03CD (decimal 973)
   defining Unicode char U+03CE (decimal 974)
   defining Unicode char U+03D0 (decimal 976)
   defining Unicode char U+03D1 (decimal 977)
   defining Unicode char U+03D5 (decimal 981)
   defining Unicode char U+03D6 (decimal 982)
   defining Unicode char U+03D8 (decimal 984)
   defining Unicode char U+03D9 (decimal 985)
   defining Unicode char U+03DA (decimal 986)
   defining Unicode char U+03DB (decimal 987)
   defining Unicode char U+03DC (decimal 988)
   defining Unicode char U+03DD (decimal 989)
   defining Unicode char U+03DF (decimal 991)
   defining Unicode char U+03E0 (decimal 992)
   defining Unicode char U+03E1 (decimal 993)
   defining Unicode char U+03F0 (decimal 1008)
   defining Unicode char U+03F1 (decimal 1009)
   defining Unicode char U+03F4 (decimal 1012)
   defining Unicode char U+03F5 (decimal 1013)
   defining Unicode char U+1F00 (decimal 7936)
   defining Unicode char U+1F01 (decimal 7937)
   defining Unicode char U+1F02 (decimal 7938)
   defining Unicode char U+1F03 (decimal 7939)
   defining Unicode char U+1F04 (decimal 7940)
   defining Unicode char U+1F05 (decimal 7941)
   defining Unicode char U+1F06 (decimal 7942)
   defining Unicode char U+1F07 (decimal 7943)
   defining Unicode char U+1F08 (decimal 7944)
   defining Unicode char U+1F09 (decimal 7945)
   defining Unicode char U+1F0A (decimal 7946)
   defining Unicode char U+1F0B (decimal 7947)
   defining Unicode char U+1F0C (decimal 7948)
   defining Unicode char U+1F0D (decimal 7949)
   defining Unicode char U+1F0E (decimal 7950)
   defining Unicode char U+1F0F (decimal 7951)
   defining Unicode char U+1F10 (decimal 7952)
   defining Unicode char U+1F11 (decimal 7953)
   defining Unicode char U+1F12 (decimal 7954)
   defining Unicode char U+1F13 (decimal 7955)
   defining Unicode char U+1F14 (decimal 7956)
   defining Unicode char U+1F15 (decimal 7957)
   defining Unicode char U+1F18 (decimal 7960)
   defining Unicode char U+1F19 (decimal 7961)
   defining Unicode char U+1F1A (decimal 7962)
   defining Unicode char U+1F1B (decimal 7963)
   defining Unicode char U+1F1C (decimal 7964)
   defining Unicode char U+1F1D (decimal 7965)
   defining Unicode char U+1F20 (decimal 7968)
   defining Unicode char U+1F21 (decimal 7969)
   defining Unicode char U+1F22 (decimal 7970)
   defining Unicode char U+1F23 (decimal 7971)
   defining Unicode char U+1F24 (decimal 7972)
   defining Unicode char U+1F25 (decimal 7973)
   defining Unicode char U+1F26 (decimal 7974)
   defining Unicode char U+1F27 (decimal 7975)
   defining Unicode char U+1F28 (decimal 7976)
   defining Unicode char U+1F29 (decimal 7977)
   defining Unicode char U+1F2A (decimal 7978)
   defining Unicode char U+1F2B (decimal 7979)
   defining Unicode char U+1F2C (decimal 7980)
   defining Unicode char U+1F2D (decimal 7981)
   defining Unicode char U+1F2E (decimal 7982)
   defining Unicode char U+1F2F (decimal 7983)
   defining Unicode char U+1F30 (decimal 7984)
   defining Unicode char U+1F31 (decimal 7985)
   defining Unicode char U+1F32 (decimal 7986)
   defining Unicode char U+1F33 (decimal 7987)
   defining Unicode char U+1F34 (decimal 7988)
   defining Unicode char U+1F35 (decimal 7989)
   defining Unicode char U+1F36 (decimal 7990)
   defining Unicode char U+1F37 (decimal 7991)
   defining Unicode char U+1F38 (decimal 7992)
   defining Unicode char U+1F39 (decimal 7993)
   defining Unicode char U+1F3A (decimal 7994)
   defining Unicode char U+1F3B (decimal 7995)
   defining Unicode char U+1F3C (decimal 7996)
   defining Unicode char U+1F3D (decimal 7997)
   defining Unicode char U+1F3E (decimal 7998)
   defining Unicode char U+1F3F (decimal 7999)
   defining Unicode char U+1F40 (decimal 8000)
   defining Unicode char U+1F41 (decimal 8001)
   defining Unicode char U+1F42 (decimal 8002)
   defining Unicode char U+1F43 (decimal 8003)
   defining Unicode char U+1F44 (decimal 8004)
   defining Unicode char U+1F45 (decimal 8005)
   defining Unicode char U+1F48 (decimal 8008)
   defining Unicode char U+1F49 (decimal 8009)
   defining Unicode char U+1F4A (decimal 8010)
   defining Unicode char U+1F4B (decimal 8011)
   defining Unicode char U+1F4C (decimal 8012)
   defining Unicode char U+1F4D (decimal 8013)
   defining Unicode char U+1F50 (decimal 8016)
   defining Unicode char U+1F51 (decimal 8017)
   defining Unicode char U+1F52 (decimal 8018)
   defining Unicode char U+1F53 (decimal 8019)
   defining Unicode char U+1F54 (decimal 8020)
   defining Unicode char U+1F55 (decimal 8021)
   defining Unicode char U+1F56 (decimal 8022)
   defining Unicode char U+1F57 (decimal 8023)
   defining Unicode char U+1F59 (decimal 8025)
   defining Unicode char U+1F5B (decimal 8027)
   defining Unicode char U+1F5D (decimal 8029)
   defining Unicode char U+1F5F (decimal 8031)
   defining Unicode char U+1F60 (decimal 8032)
   defining Unicode char U+1F61 (decimal 8033)
   defining Unicode char U+1F62 (decimal 8034)
   defining Unicode char U+1F63 (decimal 8035)
   defining Unicode char U+1F64 (decimal 8036)
   defining Unicode char U+1F65 (decimal 8037)
   defining Unicode char U+1F66 (decimal 8038)
   defining Unicode char U+1F67 (decimal 8039)
   defining Unicode char U+1F68 (decimal 8040)
   defining Unicode char U+1F69 (decimal 8041)
   defining Unicode char U+1F6A (decimal 8042)
   defining Unicode char U+1F6B (decimal 8043)
   defining Unicode char U+1F6C (decimal 8044)
   defining Unicode char U+1F6D (decimal 8045)
   defining Unicode char U+1F6E (decimal 8046)
   defining Unicode char U+1F6F (decimal 8047)
   defining Unicode char U+1F70 (decimal 8048)
   defining Unicode char U+1F71 (decimal 8049)
   defining Unicode char U+1F72 (decimal 8050)
   defining Unicode char U+1F73 (decimal 8051)
   defining Unicode char U+1F74 (decimal 8052)
   defining Unicode char U+1F75 (decimal 8053)
   defining Unicode char U+1F76 (decimal 8054)
   defining Unicode char U+1F77 (decimal 8055)
   defining Unicode char U+1F78 (decimal 8056)
   defining Unicode char U+1F79 (decimal 8057)
   defining Unicode char U+1F7A (decimal 8058)
   defining Unicode char U+1F7B (decimal 8059)
   defining Unicode char U+1F7C (decimal 8060)
   defining Unicode char U+1F7D (decimal 8061)
   defining Unicode char U+1F80 (decimal 8064)
   defining Unicode char U+1F81 (decimal 8065)
   defining Unicode char U+1F82 (decimal 8066)
   defining Unicode char U+1F83 (decimal 8067)
   defining Unicode char U+1F84 (decimal 8068)
   defining Unicode char U+1F85 (decimal 8069)
   defining Unicode char U+1F86 (decimal 8070)
   defining Unicode char U+1F87 (decimal 8071)
   defining Unicode char U+1F88 (decimal 8072)
   defining Unicode char U+1F89 (decimal 8073)
   defining Unicode char U+1F8A (decimal 8074)
   defining Unicode char U+1F8B (decimal 8075)
   defining Unicode char U+1F8C (decimal 8076)
   defining Unicode char U+1F8D (decimal 8077)
   defining Unicode char U+1F8E (decimal 8078)
   defining Unicode char U+1F8F (decimal 8079)
   defining Unicode char U+1F90 (decimal 8080)
   defining Unicode char U+1F91 (decimal 8081)
   defining Unicode char U+1F92 (decimal 8082)
   defining Unicode char U+1F93 (decimal 8083)
   defining Unicode char U+1F94 (decimal 8084)
   defining Unicode char U+1F95 (decimal 8085)
   defining Unicode char U+1F96 (decimal 8086)
   defining Unicode char U+1F97 (decimal 8087)
   defining Unicode char U+1F98 (decimal 8088)
   defining Unicode char U+1F99 (decimal 8089)
   defining Unicode char U+1F9A (decimal 8090)
   defining Unicode char U+1F9B (decimal 8091)
   defining Unicode char U+1F9C (decimal 8092)
   defining Unicode char U+1F9D (decimal 8093)
   defining Unicode char U+1F9E (decimal 8094)
   defining Unicode char U+1F9F (decimal 8095)
   defining Unicode char U+1FA0 (decimal 8096)
   defining Unicode char U+1FA1 (decimal 8097)
   defining Unicode char U+1FA2 (decimal 8098)
   defining Unicode char U+1FA3 (decimal 8099)
   defining Unicode char U+1FA4 (decimal 8100)
   defining Unicode char U+1FA5 (decimal 8101)
   defining Unicode char U+1FA6 (decimal 8102)
   defining Unicode char U+1FA7 (decimal 8103)
   defining Unicode char U+1FA8 (decimal 8104)
   defining Unicode char U+1FA9 (decimal 8105)
   defining Unicode char U+1FAA (decimal 8106)
   defining Unicode char U+1FAB (decimal 8107)
   defining Unicode char U+1FAC (decimal 8108)
   defining Unicode char U+1FAD (decimal 8109)
   defining Unicode char U+1FAE (decimal 8110)
   defining Unicode char U+1FAF (decimal 8111)
   defining Unicode char U+1FB0 (decimal 8112)
   defining Unicode char U+1FB1 (decimal 8113)
   defining Unicode char U+1FB2 (decimal 8114)
   defining Unicode char U+1FB3 (decimal 8115)
   defining Unicode char U+1FB4 (decimal 8116)
   defining Unicode char U+1FB6 (decimal 8118)
   defining Unicode char U+1FB7 (decimal 8119)
   defining Unicode char U+1FB8 (decimal 8120)
   defining Unicode char U+1FB9 (decimal 8121)
   defining Unicode char U+1FBA (decimal 8122)
   defining Unicode char U+1FBB (decimal 8123)
   defining Unicode char U+1FBC (decimal 8124)
   defining Unicode char U+1FBD (decimal 8125)
   defining Unicode char U+1FBE (decimal 8126)
   defining Unicode char U+1FBF (decimal 8127)
   defining Unicode char U+1FC0 (decimal 8128)
   defining Unicode char U+1FC1 (decimal 8129)
   defining Unicode char U+1FC2 (decimal 8130)
   defining Unicode char U+1FC3 (decimal 8131)
   defining Unicode char U+1FC4 (decimal 8132)
   defining Unicode char U+1FC6 (decimal 8134)
   defining Unicode char U+1FC7 (decimal 8135)
   defining Unicode char U+1FC8 (decimal 8136)
   defining Unicode char U+1FC9 (decimal 8137)
   defining Unicode char U+1FCA (decimal 8138)
   defining Unicode char U+1FCB (decimal 8139)
   defining Unicode char U+1FCC (decimal 8140)
   defining Unicode char U+1FCD (decimal 8141)
   defining Unicode char U+1FCE (decimal 8142)
   defining Unicode char U+1FCF (decimal 8143)
   defining Unicode char U+1FD0 (decimal 8144)
   defining Unicode char U+1FD1 (decimal 8145)
   defining Unicode char U+1FD2 (decimal 8146)
   defining Unicode char U+1FD3 (decimal 8147)
   defining Unicode char U+1FD6 (decimal 8150)
   defining Unicode char U+1FD7 (decimal 8151)
   defining Unicode char U+1FD8 (decimal 8152)
   defining Unicode char U+1FD9 (decimal 8153)
   defining Unicode char U+1FDA (decimal 8154)
   defining Unicode char U+1FDB (decimal 8155)
   defining Unicode char U+1FDD (decimal 8157)
   defining Unicode char U+1FDE (decimal 8158)
   defining Unicode char U+1FDF (decimal 8159)
   defining Unicode char U+1FE0 (decimal 8160)
   defining Unicode char U+1FE1 (decimal 8161)
   defining Unicode char U+1FE2 (decimal 8162)
   defining Unicode char U+1FE3 (decimal 8163)
   defining Unicode char U+1FE4 (decimal 8164)
   defining Unicode char U+1FE5 (decimal 8165)
   defining Unicode char U+1FE6 (decimal 8166)
   defining Unicode char U+1FE7 (decimal 8167)
   defining Unicode char U+1FE8 (decimal 8168)
   defining Unicode char U+1FE9 (decimal 8169)
   defining Unicode char U+1FEA (decimal 8170)
   defining Unicode char U+1FEB (decimal 8171)
   defining Unicode char U+1FEC (decimal 8172)
   defining Unicode char U+1FED (decimal 8173)
   defining Unicode char U+1FEE (decimal 8174)
   defining Unicode char U+1FEF (decimal 8175)
   defining Unicode char U+1FF2 (decimal 8178)
   defining Unicode char U+1FF3 (decimal 8179)
   defining Unicode char U+1FF4 (decimal 8180)
   defining Unicode char U+1FF6 (decimal 8182)
   defining Unicode char U+1FF7 (decimal 8183)
   defining Unicode char U+1FF8 (decimal 8184)
   defining Unicode char U+1FF9 (decimal 8185)
   defining Unicode char U+1FFA (decimal 8186)
   defining Unicode char U+1FFB (decimal 8187)
   defining Unicode char U+1FFC (decimal 8188)
   defining Unicode char U+1FFD (decimal 8189)
   defining Unicode char U+1FFE (decimal 8190)
   defining Unicode char U+2013 (decimal 8211)
   defining Unicode char U+2014 (decimal 8212)
   defining Unicode char U+2018 (decimal 8216)
   defining Unicode char U+2019 (decimal 8217)
   defining Unicode char U+201A (decimal 8218)
   defining Unicode char U+2030 (decimal 8240)
   defining Unicode char U+2039 (decimal 8249)
   defining Unicode char U+203A (decimal 8250)
   defining Unicode char U+20AC (decimal 8364)
   defining Unicode char U+2126 (decimal 8486)
   defining Unicode char U+10144 (decimal 65860)
   defining Unicode char U+10145 (decimal 65861)
   defining Unicode char U+10146 (decimal 65862)
   defining Unicode char U+10147 (decimal 65863)
) (c:/Users/p4jo/AppData/Roaming/texlive/2020/texmf-dist/tex/latex/greek-fontenc/greek-fontenc.def
File: greek-fontenc.def 2015/08/04 v0.13.4 Common Greek font encoding definitions
))
LaTeX Info: Redefining \& on input line 116.
) (c:/Users/p4jo/AppData/Roaming/texlive/2020/texmf-dist/tex/generic/babel-german/ngerman.ldf
Language: ngerman 2018/12/08 v2.11 German support for babel (post-1996 orthography)
 (c:/Users/p4jo/AppData/Roaming/texlive/2020/texmf-dist/tex/generic/babel-german/ngermanb.ldf
Language: ngermanb 2018/12/08 v2.11 German support for babel (post-1996 orthography)
Package babel Info: Making " an active character on input line 121.
))) (c:/Users/p4jo/AppData/Roaming/texlive/2020/texmf-dist/tex/latex/microtype/microtype.sty
Package: microtype 2019/11/18 v2.7d Micro-typographical refinements (RS)
\MT@toks=\toks18
\MT@count=\count182
LaTeX Info: Redefining \textls on input line 790.
\MT@outer@kern=\dimen136
LaTeX Info: Redefining \textmicrotypecontext on input line 1354.
\MT@listname@count=\count183
 (c:/Users/p4jo/AppData/Roaming/texlive/2020/texmf-dist/tex/latex/microtype/microtype-pdftex.def
File: microtype-pdftex.def 2019/11/18 v2.7d Definitions specific to pdftex (RS)
LaTeX Info: Redefining \lsstyle on input line 914.
LaTeX Info: Redefining \lslig on input line 914.
\MT@outer@space=\skip64
)
Package microtype Info: Loading configuration file microtype.cfg.
 (c:/Users/p4jo/AppData/Roaming/texlive/2020/texmf-dist/tex/latex/microtype/microtype.cfg
File: microtype.cfg 2019/11/18 v2.7d microtype main configuration file (RS)
)) (c:/Users/p4jo/AppData/Roaming/texlive/2020/texmf-dist/tex/latex/csquotes/csquotes.sty
Package: csquotes 2019-12-06 v5.2j context-sensitive quotations (JAW)
 (c:/Users/p4jo/AppData/Roaming/texlive/2020/texmf-dist/tex/latex/etoolbox/etoolbox.sty
Package: etoolbox 2019/09/21 v2.5h e-TeX tools for LaTeX (JAW)
\etb@tempcnta=\count184
)
\csq@reset=\count185
\csq@gtype=\count186
\csq@glevel=\count187
\csq@qlevel=\count188
\csq@maxlvl=\count189
\csq@tshold=\count190
\csq@ltx@everypar=\toks19
 (c:/Users/p4jo/AppData/Roaming/texlive/2020/texmf-dist/tex/latex/csquotes/csquotes.def
File: csquotes.def 2019-12-06 v5.2j csquotes generic definitions (JAW)
)
Package csquotes Info: Trying to load configuration file 'csquotes.cfg'...
Package csquotes Info: ... configuration file loaded successfully.
 (c:/Users/p4jo/AppData/Roaming/texlive/2020/texmf-dist/tex/latex/csquotes/csquotes.cfg
File: csquotes.cfg 
)) (c:/Users/p4jo/AppData/Roaming/texlive/texmf-local/tex/latex/MinionPro/MinionPro.sty
Package: MinionPro 2012/08/03 v2.3 MinionPro support for LaTeX
 (c:/Users/p4jo/AppData/Roaming/texlive/2020/texmf-dist/tex/latex/kvoptions/kvoptions.sty
Package: kvoptions 2019/11/29 v3.13 Key value format for package options (HO)
 (c:/Users/p4jo/AppData/Roaming/texlive/2020/texmf-dist/tex/generic/ltxcmds/ltxcmds.sty
Package: ltxcmds 2019/12/15 v1.24 LaTeX kernel commands for general use (HO)
) (c:/Users/p4jo/AppData/Roaming/texlive/2020/texmf-dist/tex/generic/kvsetkeys/kvsetkeys.sty
Package: kvsetkeys 2019/12/15 v1.18 Key value parser (HO)
)) (c:/Users/p4jo/AppData/Roaming/texlive/texmf-local/tex/latex/MinionPro/MinionPro-FontDef.sty
File: MinionPro-FontDef.sty 2007/02/01 v2.2 font definition macros
 (c:/Users/p4jo/AppData/Roaming/texlive/texmf-local/tex/latex/MinionPro/otfontdef.sty
Package: otfontdef 2005/06/04 v0.1e OpenType font definition
)
\Mn@option@normalsize=\dimen137
Package MinionPro-FontDef Info: Configuration: smallfamily, noopticals, normalsize=12.0pt on input line 52.
\Mn@config@cnt=\count191
 (c:/Users/p4jo/AppData/Roaming/texlive/2020/texmf-dist/tex/generic/fltpoint/fltpoint.sty
Package: fltpoint 2004/11/12 v1.1b floating point arithmetic
 (c:/Users/p4jo/AppData/Roaming/texlive/2020/texmf-dist/tex/generic/fltpoint/fltpoint.tex
\fp@loopcount=\count192
\fp@loopcountii=\count193
\fp@result=\count194
\fp@carryover=\count195
\fp@tempcount=\count196
\fp@tempcountii=\count197
))
\Mn@fontdimen=\dimen138
) (c:/Users/p4jo/AppData/Roaming/texlive/2020/texmf-dist/tex/latex/base/textcomp.sty
Package: textcomp 2020/02/02 v2.0n Standard LaTeX package
) (c:/Users/p4jo/AppData/Roaming/texlive/2020/texmf-dist/tex/latex/mnsymbol/MnSymbol.sty
Package: MnSymbol 2007/01/21 v1.4 support for the MnSymbol font
 (c:/Users/p4jo/AppData/Roaming/texlive/2020/texmf-dist/tex/latex/amsmath/amsmath.sty
Package: amsmath 2020/01/20 v2.17e AMS math features
\@mathmargin=\skip65

For additional information on amsmath, use the `?' option.
(c:/Users/p4jo/AppData/Roaming/texlive/2020/texmf-dist/tex/latex/amsmath/amstext.sty
Package: amstext 2000/06/29 v2.01 AMS text
 (c:/Users/p4jo/AppData/Roaming/texlive/2020/texmf-dist/tex/latex/amsmath/amsgen.sty
File: amsgen.sty 1999/11/30 v2.0 generic functions
\@emptytoks=\toks20
\ex@=\dimen139
)) (c:/Users/p4jo/AppData/Roaming/texlive/2020/texmf-dist/tex/latex/amsmath/amsbsy.sty
Package: amsbsy 1999/11/29 v1.2d Bold Symbols
\pmbraise@=\dimen140
) (c:/Users/p4jo/AppData/Roaming/texlive/2020/texmf-dist/tex/latex/amsmath/amsopn.sty
Package: amsopn 2016/03/08 v2.02 operator names
)
\inf@bad=\count198
LaTeX Info: Redefining \frac on input line 227.
\uproot@=\count199
\leftroot@=\count266
LaTeX Info: Redefining \overline on input line 389.
\classnum@=\count267
\DOTSCASE@=\count268
LaTeX Info: Redefining \ldots on input line 486.
LaTeX Info: Redefining \dots on input line 489.
LaTeX Info: Redefining \cdots on input line 610.
\Mathstrutbox@=\box47
\strutbox@=\box48
\big@size=\dimen141
LaTeX Font Info:    Redeclaring font encoding OML on input line 733.
LaTeX Font Info:    Redeclaring font encoding OMS on input line 734.
\macc@depth=\count269
\c@MaxMatrixCols=\count270
\dotsspace@=\muskip16
\c@parentequation=\count271
\dspbrk@lvl=\count272
\tag@help=\toks21
\row@=\count273
\column@=\count274
\maxfields@=\count275
\andhelp@=\toks22
\eqnshift@=\dimen142
\alignsep@=\dimen143
\tagshift@=\dimen144
\tagwidth@=\dimen145
\totwidth@=\dimen146
\lineht@=\dimen147
\@envbody=\toks23
\multlinegap=\skip66
\multlinetaggap=\skip67
\mathdisplay@stack=\toks24
LaTeX Info: Redefining \[ on input line 2859.
LaTeX Info: Redefining \] on input line 2860.
) (c:/Users/p4jo/AppData/Roaming/texlive/2020/texmf-dist/tex/latex/amsfonts/eufrak.sty
Package: eufrak 2009/06/22 v3.00 Euler Fraktur fonts
LaTeX Font Info:    Overwriting math alphabet `\EuFrak' in version `bold'
(Font)                  U/euf/m/n --> U/euf/b/n on input line 39.
)
LaTeX Info: Redefining \dagger on input line 84.
LaTeX Info: Redefining \ddagger on input line 84.
LaTeX Info: Redefining \mathparagraph on input line 84.
LaTeX Info: Redefining \mathsection on input line 84.
LaTeX Info: Redefining \mathdollar on input line 84.
LaTeX Info: Redefining \mathsterling on input line 84.
LaTeX Info: Redefining \Re on input line 84.
LaTeX Info: Redefining \Im on input line 84.
\symMnSyA=\mathgroup4
\symMnSyB=\mathgroup5
\symMnSyC=\mathgroup6
\symMnSyD=\mathgroup7
LaTeX Font Info:    Redeclaring symbol font `largesymbols' on input line 119.
LaTeX Font Info:    Overwriting symbol font `largesymbols' in version `normal'
(Font)                  OMX/cmex/m/n --> OMX/MnSymbolE/m/n on input line 119.
LaTeX Font Info:    Overwriting symbol font `largesymbols' in version `bold'
(Font)                  OMX/cmex/m/n --> OMX/MnSymbolE/m/n on input line 119.
LaTeX Font Info:    Redeclaring symbol font `symbols' on input line 120.
LaTeX Font Info:    Encoding `OMS' has changed to `U' for symbol font
(Font)              `symbols' in the math version `normal' on input line 120.
LaTeX Font Info:    Overwriting symbol font `symbols' in version `normal'
(Font)                  OMS/cmsy/m/n --> U/MnSymbolF/m/n on input line 120.
LaTeX Font Info:    Encoding `OMS' has changed to `U' for symbol font
(Font)              `symbols' in the math version `bold' on input line 120.
LaTeX Font Info:    Overwriting symbol font `symbols' in version `bold'
(Font)                  OMS/cmsy/b/n --> U/MnSymbolF/m/n on input line 120.
LaTeX Font Info:    Overwriting symbol font `MnSyA' in version `bold'
(Font)                  U/MnSymbolA/m/n --> U/MnSymbolA/b/n on input line 121.
LaTeX Font Info:    Overwriting symbol font `MnSyB' in version `bold'
(Font)                  U/MnSymbolB/m/n --> U/MnSymbolB/b/n on input line 122.
LaTeX Font Info:    Overwriting symbol font `MnSyC' in version `bold'
(Font)                  U/MnSymbolC/m/n --> U/MnSymbolC/b/n on input line 123.
LaTeX Font Info:    Overwriting symbol font `MnSyD' in version `bold'
(Font)                  U/MnSymbolD/m/n --> U/MnSymbolD/b/n on input line 124.
LaTeX Font Info:    Overwriting symbol font `largesymbols' in version `bold'
(Font)                  OMX/MnSymbolE/m/n --> OMX/MnSymbolE/b/n on input line 125.
LaTeX Font Info:    Overwriting symbol font `symbols' in version `bold'
(Font)                  U/MnSymbolF/m/n --> U/MnSymbolF/b/n on input line 126.
LaTeX Font Info:    Redeclaring math alphabet \mathcal on input line 241.
LaTeX Font Info:    Overwriting math alphabet `\mathcal' in version `bold'
(Font)                  OMS/MnSymbolS/m/n --> OMS/MnSymbolS/b/n on input line 241.
LaTeX Info: Redefining \longrightarrow on input line 548.
LaTeX Info: Redefining \longleftarrow on input line 549.
LaTeX Info: Redefining \longleftrightarrow on input line 550.
LaTeX Info: Redefining \Longrightarrow on input line 551.
LaTeX Info: Redefining \Longleftarrow on input line 552.
LaTeX Info: Redefining \Longleftrightarrow on input line 553.
LaTeX Info: Redefining \longmapsto on input line 554.
LaTeX Info: Redefining \vdots on input line 868.
LaTeX Font Info:    Redeclaring math symbol \braceld on input line 1721.
LaTeX Font Info:    Redeclaring math symbol \bracelu on input line 1722.
LaTeX Font Info:    Redeclaring math symbol \bracerd on input line 1723.
LaTeX Font Info:    Redeclaring math symbol \braceru on input line 1724.
LaTeX Info: Redefining \downbracefill on input line 1799.
LaTeX Info: Redefining \upbracefill on input line 1800.
LaTeX Info: Redefining \overbrace on input line 1819.
LaTeX Info: Redefining \underbrace on input line 1820.
LaTeX Info: Redefining \surd on input line 1843.
LaTeX Font Info:    Redeclaring math accent \widehat on input line 1845.
LaTeX Font Info:    Redeclaring math accent \widetilde on input line 1846.
LaTeX Font Info:    Redeclaring math accent \vec on input line 1848.
)
LaTeX Font Info:    Redeclaring symbol font `operators' on input line 181.
LaTeX Font Info:    Encoding `OT1' has changed to `T1' for symbol font
(Font)              `operators' in the math version `normal' on input line 181.
LaTeX Font Info:    Overwriting symbol font `operators' in version `normal'
(Font)                  OT1/cmr/m/n --> T1/MinionPro-LF/m/n on input line 181.
LaTeX Font Info:    Encoding `OT1' has changed to `T1' for symbol font
(Font)              `operators' in the math version `bold' on input line 181.
LaTeX Font Info:    Overwriting symbol font `operators' in version `bold'
(Font)                  OT1/cmr/bx/n --> T1/MinionPro-LF/m/n on input line 181.
LaTeX Font Info:    Redeclaring symbol font `letters' on input line 182.
LaTeX Font Info:    Overwriting symbol font `letters' in version `normal'
(Font)                  OML/cmm/m/it --> OML/MinionPro-TOsF/m/it on input line 182.
LaTeX Font Info:    Overwriting symbol font `letters' in version `bold'
(Font)                  OML/cmm/b/it --> OML/MinionPro-TOsF/m/it on input line 182.
LaTeX Font Info:    Overwriting symbol font `operators' in version `bold'
(Font)                  T1/MinionPro-LF/m/n --> T1/MinionPro-LF/eb/n on input line 183.
LaTeX Font Info:    Overwriting symbol font `letters' in version `bold'
(Font)                  OML/MinionPro-TOsF/m/it --> OML/MinionPro-TOsF/eb/it on input line 184.
LaTeX Font Info:    Redeclaring math alphabet \mathbf on input line 185.
LaTeX Font Info:    Overwriting math alphabet `\mathbf' in version `normal'
(Font)                  OT1/cmr/bx/n --> T1/MinionPro-LF/eb/n on input line 185.
LaTeX Font Info:    Overwriting math alphabet `\mathbf' in version `bold'
(Font)                  OT1/cmr/bx/n --> T1/MinionPro-LF/eb/n on input line 185.
LaTeX Font Info:    Redeclaring math alphabet \mathit on input line 186.
LaTeX Font Info:    Overwriting math alphabet `\mathit' in version `normal'
(Font)                  OT1/cmr/m/it --> T1/MinionPro-LF/m/it on input line 186.
LaTeX Font Info:    Overwriting math alphabet `\mathit' in version `bold'
(Font)                  OT1/cmr/bx/it --> T1/MinionPro-LF/m/it on input line 186.
LaTeX Font Info:    Overwriting math alphabet `\mathit' in version `bold'
(Font)                  T1/MinionPro-LF/m/it --> T1/MinionPro-LF/eb/it on input line 187.
\c@mv@tabular=\count276
LaTeX Font Info:    Overwriting symbol font `operators' in version `tabular'
(Font)                  T1/MinionPro-LF/m/n --> T1/MinionPro-TLF/m/n on input line 189.
LaTeX Font Info:    Overwriting symbol font `letters' in version `tabular'
(Font)                  OML/MinionPro-TOsF/m/it --> OML/MinionPro-TOsF/m/it on input line 190.
LaTeX Font Info:    Overwriting math alphabet `\mathit' in version `tabular'
(Font)                  OT1/cmr/m/it --> T1/MinionPro-TLF/m/it on input line 191.
\c@mv@boldtabular=\count277
LaTeX Font Info:    Overwriting symbol font `operators' in version `boldtabular'
(Font)                  T1/MinionPro-LF/m/n --> T1/MinionPro-TLF/eb/n on input line 194.
LaTeX Font Info:    Overwriting symbol font `letters' in version `boldtabular'
(Font)                  OML/MinionPro-TOsF/m/it --> OML/MinionPro-TOsF/eb/it on input line 195.
LaTeX Font Info:    Overwriting math alphabet `\mathit' in version `boldtabular'
(Font)                  OT1/cmr/m/it --> T1/MinionPro-TLF/eb/it on input line 196.
LaTeX Font Info:    Redeclaring math accent \grave on input line 197.
LaTeX Font Info:    Redeclaring math accent \acute on input line 198.
LaTeX Font Info:    Redeclaring math accent \hat on input line 199.
LaTeX Font Info:    Redeclaring math accent \tilde on input line 200.
LaTeX Font Info:    Redeclaring math accent \ddot on input line 201.
LaTeX Font Info:    Redeclaring math accent \mathring on input line 202.
LaTeX Font Info:    Redeclaring math accent \check on input line 203.
LaTeX Font Info:    Redeclaring math accent \breve on input line 204.
LaTeX Font Info:    Redeclaring math accent \bar on input line 205.
LaTeX Font Info:    Redeclaring math accent \dot on input line 206.
 (c:/Users/p4jo/AppData/Roaming/texlive/2020/texmf-dist/tex/latex/fontaxes/fontaxes.sty
Package: fontaxes 2014/03/23 v1.0d Font selection axes
LaTeX Info: Redefining \upshape on input line 29.
LaTeX Info: Redefining \itshape on input line 31.
LaTeX Info: Redefining \slshape on input line 33.
LaTeX Info: Redefining \swshape on input line 35.
LaTeX Info: Redefining \scshape on input line 37.
LaTeX Info: Redefining \sscshape on input line 39.
LaTeX Info: Redefining \ulcshape on input line 41.
LaTeX Info: Redefining \textsw on input line 47.
LaTeX Info: Redefining \textssc on input line 48.
LaTeX Info: Redefining \textulc on input line 49.
)
LaTeX Font Info:    Redeclaring math symbol \hbar on input line 515.
LaTeX Font Info:    Redeclaring math symbol \partial on input line 517.
LaTeX Font Info:    Redeclaring math symbol \ell on input line 519.
LaTeX Font Info:    Setting MinionPro-LF sub-encoding to TS1/1 on input line 539.
LaTeX Font Info:    Setting MinionPro-TLF sub-encoding to TS1/1 on input line 540.
LaTeX Font Info:    Setting MinionPro-OsF sub-encoding to TS1/1 on input line 541.
LaTeX Font Info:    Setting MinionPro-TOsF sub-encoding to TS1/1 on input line 542.
LaTeX Info: Redefining \LaTeX on input line 615.
LaTeX Font Info:    Trying to load font information for T1+MinionPro-LF on input line 647.
 (c:/Users/p4jo/AppData/Roaming/texlive/texmf-local/tex/latex/MinionPro/T1MinionPro-LF.fd
File: T1MinionPro-LF.fd 2005/01/23 v2.0 font definitions for T1/MinionPro-LF.
 (c:/Users/p4jo/AppData/Roaming/texlive/texmf-local/tex/latex/MinionPro/MinionPro-FontDef.sty
File: MinionPro-FontDef.sty 2007/02/01 v2.2 font definition macros
))) (c:/Users/p4jo/AppData/Roaming/texlive/texmf-local/tex/latex/MyriadPro/MyriadPro.sty
Package: MyriadPro 2013/04/20 v0.5 MyriadPro support for LaTeX
 (c:/Users/p4jo/AppData/Roaming/texlive/2020/texmf-dist/tex/latex/base/ifthen.sty
Package: ifthen 2014/09/29 v1.1c Standard LaTeX ifthen package (DPC)
) (c:/Users/p4jo/AppData/Roaming/texlive/texmf-local/tex/latex/MyriadPro/MyriadPro-FontDef.sty
File: MyriadPro-FontDef.sty 2012/02/17 v0.3 font definition macros
\My@option@normalsize=\dimen148
Package MyriadPro-FontDef Info: Configuration: smallfamily, noopticals, normalsize=12.0pt on input line 48.
\My@config@cnt=\count278
\My@fontdimen=\dimen149
) (c:/Users/p4jo/AppData/Roaming/texlive/2020/texmf-dist/tex/latex/mdsymbol/mdsymbol.sty
Package: mdsymbol 2012/11/18 v0.5 MdSymbol support package
 (c:/Users/p4jo/AppData/Roaming/texlive/2020/texmf-dist/tex/latex/xkeyval/xkeyval.sty
Package: xkeyval 2014/12/03 v2.7a package option processing (HA)
 (c:/Users/p4jo/AppData/Roaming/texlive/2020/texmf-dist/tex/generic/xkeyval/xkeyval.tex (c:/Users/p4jo/AppData/Roaming/texlive/2020/texmf-dist/tex/generic/xkeyval/xkvutils.tex
\XKV@toks=\toks25
\XKV@tempa@toks=\toks26
)
\XKV@depth=\count279
File: xkeyval.tex 2014/12/03 v2.7a key=value parser (HA)
))
\c@mv@sans=\count280
\c@mv@sansbold=\count281
\c@mv@sanstabular=\count282
\c@mv@sansboldtabular=\count283
LaTeX Font Info:    Overwriting symbol font `symbols' in version `sans'
(Font)                  U/MnSymbolF/m/n --> U/MdSymbolA/m/n on input line 404.
LaTeX Font Info:    Overwriting symbol font `symbols' in version `sanstabular'
(Font)                  U/MnSymbolF/m/n --> U/MdSymbolA/m/n on input line 404.
LaTeX Font Info:    Overwriting symbol font `symbols' in version `sansbold'
(Font)                  U/MnSymbolF/m/n --> U/MdSymbolA/b/n on input line 404.
LaTeX Font Info:    Overwriting symbol font `symbols' in version `sansboldtabular'
(Font)                  U/MnSymbolF/m/n --> U/MdSymbolA/b/n on input line 404.
\symrelations=\mathgroup8
LaTeX Font Info:    Overwriting symbol font `relations' in version `sansbold'
(Font)                  U/MdSymbolB/m/n --> U/MdSymbolB/b/n on input line 405.
LaTeX Font Info:    Overwriting symbol font `relations' in version `sansboldtabular'
(Font)                  U/MdSymbolB/m/n --> U/MdSymbolB/b/n on input line 405.
\symarrows=\mathgroup9
LaTeX Font Info:    Overwriting symbol font `arrows' in version `sansbold'
(Font)                  U/MdSymbolC/m/n --> U/MdSymbolC/b/n on input line 406.
LaTeX Font Info:    Overwriting symbol font `arrows' in version `sansboldtabular'
(Font)                  U/MdSymbolC/m/n --> U/MdSymbolC/b/n on input line 406.
\symnarrows=\mathgroup10
LaTeX Font Info:    Overwriting symbol font `narrows' in version `sansbold'
(Font)                  U/MdSymbolD/m/n --> U/MdSymbolD/b/n on input line 407.
LaTeX Font Info:    Overwriting symbol font `narrows' in version `sansboldtabular'
(Font)                  U/MdSymbolD/m/n --> U/MdSymbolD/b/n on input line 407.
LaTeX Font Info:    Encoding `OMX' has changed to `U' for symbol font
(Font)              `largesymbols' in the math version `sans' on input line 408.
LaTeX Font Info:    Overwriting symbol font `largesymbols' in version `sans'
(Font)                  OMX/MnSymbolE/m/n --> U/MdSymbolE/m/n on input line 408.
LaTeX Font Info:    Encoding `OMX' has changed to `U' for symbol font
(Font)              `largesymbols' in the math version `sanstabular' on input line 408.
LaTeX Font Info:    Overwriting symbol font `largesymbols' in version `sanstabular'
(Font)                  OMX/MnSymbolE/m/n --> U/MdSymbolE/m/n on input line 408.
LaTeX Font Info:    Encoding `OMX' has changed to `U' for symbol font
(Font)              `largesymbols' in the math version `sansbold' on input line 408.
LaTeX Font Info:    Overwriting symbol font `largesymbols' in version `sansbold'
(Font)                  OMX/MnSymbolE/m/n --> U/MdSymbolE/b/n on input line 408.
LaTeX Font Info:    Encoding `OMX' has changed to `U' for symbol font
(Font)              `largesymbols' in the math version `sansboldtabular' on input line 408.
LaTeX Font Info:    Overwriting symbol font `largesymbols' in version `sansboldtabular'
(Font)                  OMX/MnSymbolE/m/n --> U/MdSymbolE/b/n on input line 408.
\symdelimiters=\mathgroup11
LaTeX Font Info:    Overwriting symbol font `delimiters' in version `sansbold'
(Font)                  U/MdSymbolF/m/n --> U/MdSymbolF/b/n on input line 409.
LaTeX Font Info:    Overwriting symbol font `delimiters' in version `sansboldtabular'
(Font)                  U/MdSymbolF/m/n --> U/MdSymbolF/b/n on input line 409.
 (c:/Users/p4jo/AppData/Roaming/texlive/2020/texmf-dist/tex/latex/tools/calc.sty
Package: calc 2017/05/25 v4.3 Infix arithmetic (KKT,FJ)
\calc@Acount=\count284
\calc@Bcount=\count285
\calc@Adimen=\dimen150
\calc@Bdimen=\dimen151
\calc@Askip=\skip68
\calc@Bskip=\skip69
LaTeX Info: Redefining \setlength on input line 80.
LaTeX Info: Redefining \addtolength on input line 81.
\calc@Ccount=\count286
\calc@Cskip=\skip70
)
\overliningbox=\box49
)
LaTeX Font Info:    Redeclaring math alphabet \mathsf on input line 372.
LaTeX Font Info:    Overwriting math alphabet `\mathsf' in version `normal'
(Font)                  OT1/cmss/m/n --> T1/MyriadPro-LF/m/n on input line 372.
LaTeX Font Info:    Overwriting math alphabet `\mathsf' in version `bold'
(Font)                  OT1/cmss/bx/n --> T1/MyriadPro-LF/m/n on input line 372.
LaTeX Font Info:    Overwriting math alphabet `\mathsf' in version `tabular'
(Font)                  OT1/cmss/m/n --> T1/MyriadPro-LF/m/n on input line 372.
LaTeX Font Info:    Overwriting math alphabet `\mathsf' in version `boldtabular'
(Font)                  OT1/cmss/m/n --> T1/MyriadPro-LF/m/n on input line 372.
LaTeX Font Info:    Overwriting math alphabet `\mathsf' in version `sans'
(Font)                  OT1/cmss/m/n --> T1/MyriadPro-LF/m/n on input line 372.
LaTeX Font Info:    Overwriting math alphabet `\mathsf' in version `sansbold'
(Font)                  OT1/cmss/m/n --> T1/MyriadPro-LF/m/n on input line 372.
LaTeX Font Info:    Overwriting math alphabet `\mathsf' in version `sanstabular'
(Font)                  OT1/cmss/m/n --> T1/MyriadPro-LF/m/n on input line 372.
LaTeX Font Info:    Overwriting math alphabet `\mathsf' in version `sansboldtabular'
(Font)                  OT1/cmss/m/n --> T1/MyriadPro-LF/m/n on input line 372.
LaTeX Font Info:    Overwriting math alphabet `\mathsf' in version `bold'
(Font)                  T1/MyriadPro-LF/m/n --> T1/MyriadPro-LF/b/n on input line 373.
LaTeX Font Info:    Overwriting math alphabet `\mathsf' in version `sansbold'
(Font)                  T1/MyriadPro-LF/m/n --> T1/MyriadPro-LF/b/n on input line 374.
LaTeX Font Info:    Overwriting math alphabet `\mathsf' in version `sanstabular'
(Font)                  T1/MyriadPro-LF/m/n --> T1/MyriadPro-TLF/m/n on input line 375.
LaTeX Font Info:    Overwriting math alphabet `\mathsf' in version `sansboldtabular'
(Font)                  T1/MyriadPro-LF/m/n --> T1/MyriadPro-TLF/b/n on input line 376.
LaTeX Font Info:    Overwriting math alphabet `\mathit' in version `sans'
(Font)                  OT1/cmr/m/it --> T1/MyriadPro-LF/m/it on input line 378.
LaTeX Font Info:    Overwriting math alphabet `\mathit' in version `sansbold'
(Font)                  OT1/cmr/m/it --> T1/MyriadPro-LF/b/it on input line 379.
LaTeX Font Info:    Overwriting math alphabet `\mathit' in version `sanstabular'
(Font)                  OT1/cmr/m/it --> T1/MyriadPro-TLF/m/it on input line 380.
LaTeX Font Info:    Overwriting math alphabet `\mathit' in version `sansboldtabular'
(Font)                  OT1/cmr/m/it --> T1/MyriadPro-TLF/b/it on input line 381.
LaTeX Font Info:    Overwriting math alphabet `\mathbf' in version `sans'
(Font)                  OT1/cmr/bx/n --> T1/MyriadPro-LF/b/n on input line 383.
LaTeX Font Info:    Overwriting math alphabet `\mathbf' in version `sanstabular'
(Font)                  OT1/cmr/bx/n --> T1/MyriadPro-TLF/b/n on input line 384.
LaTeX Font Info:    Overwriting symbol font `operators' in version `sans'
(Font)                  T1/MinionPro-LF/m/n --> T1/MyriadPro-LF/m/n on input line 390.
LaTeX Font Info:    Overwriting symbol font `operators' in version `sansbold'
(Font)                  T1/MinionPro-LF/m/n --> T1/MyriadPro-LF/b/n on input line 391.
LaTeX Font Info:    Overwriting symbol font `operators' in version `sanstabular'
(Font)                  T1/MinionPro-LF/m/n --> T1/MyriadPro-TLF/m/n on input line 392.
LaTeX Font Info:    Overwriting symbol font `operators' in version `sansboldtabular'
(Font)                  T1/MinionPro-LF/m/n --> T1/MyriadPro-TLF/b/n on input line 393.
LaTeX Font Info:    Overwriting symbol font `letters' in version `sans'
(Font)                  OML/MinionPro-TOsF/m/it --> OML/MyriadPro-OsF/m/it on input line 399.
LaTeX Font Info:    Overwriting symbol font `letters' in version `sansbold'
(Font)                  OML/MinionPro-TOsF/m/it --> OML/MyriadPro-OsF/b/it on input line 400.
LaTeX Font Info:    Overwriting symbol font `letters' in version `sanstabular'
(Font)                  OML/MinionPro-TOsF/m/it --> OML/MyriadPro-TOsF/m/it on input line 401.
LaTeX Font Info:    Overwriting symbol font `letters' in version `sansboldtabular'
(Font)                  OML/MinionPro-TOsF/m/it --> OML/MyriadPro-TOsF/b/it on input line 402.
LaTeX Font Info:    Overwriting math alphabet `\mathcal' in version `sans'
(Font)                  OMS/MnSymbolS/m/n --> OMS/mdcmsy/m/n on input line 405.
LaTeX Font Info:    Overwriting math alphabet `\mathcal' in version `sansbold'
(Font)                  OMS/MnSymbolS/m/n --> OMS/mdcmsy/b/n on input line 405.
LaTeX Font Info:    Overwriting math alphabet `\mathcal' in version `sanstabular'
(Font)                  OMS/MnSymbolS/m/n --> OMS/mdcmsy/m/n on input line 405.
LaTeX Font Info:    Overwriting math alphabet `\mathcal' in version `sansboldtabular'
(Font)                  OMS/MnSymbolS/m/n --> OMS/mdcmsy/b/n on input line 405.
LaTeX Font Info:    Overwriting math alphabet `\mathbb' in version `sans'
(Font)                  U/msb/m/n --> U/mdmsb/m/n on input line 407.
LaTeX Font Info:    Overwriting math alphabet `\mathbb' in version `sansbold'
(Font)                  U/msb/m/n --> U/mdmsb/m/n on input line 407.
LaTeX Font Info:    Overwriting math alphabet `\mathbb' in version `sanstabular'
(Font)                  U/msb/m/n --> U/mdmsb/m/n on input line 407.
LaTeX Font Info:    Overwriting math alphabet `\mathbb' in version `sansboldtabular'
(Font)                  U/msb/m/n --> U/mdmsb/m/n on input line 407.
LaTeX Font Info:    Overwriting math alphabet `\EuFrak' in version `sans'
(Font)                  U/euf/m/n --> U/mdeuf/m/n on input line 409.
LaTeX Font Info:    Overwriting math alphabet `\EuFrak' in version `sansbold'
(Font)                  U/euf/m/n --> U/mdeuf/b/n on input line 409.
LaTeX Font Info:    Overwriting math alphabet `\EuFrak' in version `sanstabular'
(Font)                  U/euf/m/n --> U/mdeuf/m/n on input line 409.
LaTeX Font Info:    Overwriting math alphabet `\EuFrak' in version `sansboldtabular'
(Font)                  U/euf/m/n --> U/mdeuf/b/n on input line 409.
LaTeX Info: Redefining \Re@sans on input line 409.
LaTeX Info: Redefining \Im@sans on input line 409.
\MdSlantfracSpacingBeforeSlash=\skip71
\MdSlantfracSpacingAfterSlash=\skip72

Using the configuration file MyriadPro.cfg
(c:/Users/p4jo/AppData/Roaming/texlive/texmf-local/tex/latex/MyriadPro/MyriadPro.cfg)
LaTeX Font Info:    Setting MyriadPro-LF sub-encoding to TS1/1 on input line 758.
LaTeX Font Info:    Setting MyriadPro-TLF sub-encoding to TS1/1 on input line 759.
LaTeX Font Info:    Setting MyriadPro-OsF sub-encoding to TS1/1 on input line 760.
LaTeX Font Info:    Setting MyriadPro-TOsF sub-encoding to TS1/1 on input line 761.
LaTeX Info: Redefining \LaTeX on input line 830.
) (c:/Users/p4jo/AppData/Roaming/texlive/2020/texmf-dist/tex/latex/hyperref/hyperref.sty
Package: hyperref 2020/01/14 v7.00d Hypertext links for LaTeX
 (c:/Users/p4jo/AppData/Roaming/texlive/2020/texmf-dist/tex/generic/iftex/iftex.sty
Package: iftex 2020/03/06 v1.0d TeX engine tests
) (c:/Users/p4jo/AppData/Roaming/texlive/2020/texmf-dist/tex/latex/pdftexcmds/pdftexcmds.sty
Package: pdftexcmds 2019/11/24 v0.31 Utility functions of pdfTeX for LuaTeX (HO)
 (c:/Users/p4jo/AppData/Roaming/texlive/2020/texmf-dist/tex/generic/infwarerr/infwarerr.sty
Package: infwarerr 2019/12/03 v1.5 Providing info/warning/error messages (HO)
)
Package pdftexcmds Info: \pdf@primitive is available.
Package pdftexcmds Info: \pdf@ifprimitive is available.
Package pdftexcmds Info: \pdfdraftmode found.
) (c:/Users/p4jo/AppData/Roaming/texlive/2020/texmf-dist/tex/generic/kvdefinekeys/kvdefinekeys.sty
Package: kvdefinekeys 2019-12-19 v1.6 Define keys (HO)
) (c:/Users/p4jo/AppData/Roaming/texlive/2020/texmf-dist/tex/generic/pdfescape/pdfescape.sty
Package: pdfescape 2019/12/09 v1.15 Implements pdfTeX's escape features (HO)
) (c:/Users/p4jo/AppData/Roaming/texlive/2020/texmf-dist/tex/latex/hycolor/hycolor.sty
Package: hycolor 2020-01-27 v1.10 Color options for hyperref/bookmark (HO)
) (c:/Users/p4jo/AppData/Roaming/texlive/2020/texmf-dist/tex/latex/letltxmacro/letltxmacro.sty
Package: letltxmacro 2019/12/03 v1.6 Let assignment for LaTeX macros (HO)
) (c:/Users/p4jo/AppData/Roaming/texlive/2020/texmf-dist/tex/latex/auxhook/auxhook.sty
Package: auxhook 2019-12-17 v1.6 Hooks for auxiliary files (HO)
)
\@linkdim=\dimen152
\Hy@linkcounter=\count287
\Hy@pagecounter=\count288
 (c:/Users/p4jo/AppData/Roaming/texlive/2020/texmf-dist/tex/latex/hyperref/pd1enc.def
File: pd1enc.def 2020/01/14 v7.00d Hyperref: PDFDocEncoding definition (HO)
Now handling font encoding PD1 ...
... no UTF-8 mapping file for font encoding PD1
) (c:/Users/p4jo/AppData/Roaming/texlive/2020/texmf-dist/tex/generic/intcalc/intcalc.sty
Package: intcalc 2019/12/15 v1.3 Expandable calculations with integers (HO)
) (c:/Users/p4jo/AppData/Roaming/texlive/2020/texmf-dist/tex/generic/etexcmds/etexcmds.sty
Package: etexcmds 2019/12/15 v1.7 Avoid name clashes with e-TeX commands (HO)
)
\Hy@SavedSpaceFactor=\count289
Package hyperref Info: Hyper figures OFF on input line 4547.
Package hyperref Info: Link nesting OFF on input line 4552.
Package hyperref Info: Hyper index ON on input line 4555.
Package hyperref Info: Plain pages OFF on input line 4562.
Package hyperref Info: Backreferencing OFF on input line 4567.
Package hyperref Info: Implicit mode ON; LaTeX internals redefined.
Package hyperref Info: Bookmarks ON on input line 4800.
\c@Hy@tempcnt=\count290
 (c:/Users/p4jo/AppData/Roaming/texlive/2020/texmf-dist/tex/latex/url/url.sty
\Urlmuskip=\muskip17
Package: url 2013/09/16  ver 3.4  Verb mode for urls, etc.
)
LaTeX Info: Redefining \url on input line 5159.
\XeTeXLinkMargin=\dimen153
 (c:/Users/p4jo/AppData/Roaming/texlive/2020/texmf-dist/tex/generic/bitset/bitset.sty
Package: bitset 2019/12/09 v1.3 Handle bit-vector datatype (HO)
 (c:/Users/p4jo/AppData/Roaming/texlive/2020/texmf-dist/tex/generic/bigintcalc/bigintcalc.sty
Package: bigintcalc 2019/12/15 v1.5 Expandable calculations on big integers (HO)
))
\Fld@menulength=\count291
\Field@Width=\dimen154
\Fld@charsize=\dimen155
Package hyperref Info: Hyper figures OFF on input line 6430.
Package hyperref Info: Link nesting OFF on input line 6435.
Package hyperref Info: Hyper index ON on input line 6438.
Package hyperref Info: backreferencing OFF on input line 6445.
Package hyperref Info: Link coloring OFF on input line 6450.
Package hyperref Info: Link coloring with OCG OFF on input line 6455.
Package hyperref Info: PDF/A mode OFF on input line 6460.
LaTeX Info: Redefining \ref on input line 6500.
LaTeX Info: Redefining \pageref on input line 6504.
 (c:/Users/p4jo/AppData/Roaming/texlive/2020/texmf-dist/tex/generic/atbegshi/atbegshi.sty
Package: atbegshi 2019/12/05 v1.19 At begin shipout hook (HO)
)
\Hy@abspage=\count292
\c@Item=\count293
\c@Hfootnote=\count294
)
Package hyperref Info: Driver (autodetected): hpdftex.
 (c:/Users/p4jo/AppData/Roaming/texlive/2020/texmf-dist/tex/latex/hyperref/hpdftex.def
File: hpdftex.def 2020/01/14 v7.00d Hyperref driver for pdfTeX
 (c:/Users/p4jo/AppData/Roaming/texlive/2020/texmf-dist/tex/latex/atveryend/atveryend.sty
Package: atveryend 2019-12-11 v1.11 Hooks at the very end of document (HO)
)
\Fld@listcount=\count295
\c@bookmark@seq@number=\count296
 (c:/Users/p4jo/AppData/Roaming/texlive/2020/texmf-dist/tex/latex/rerunfilecheck/rerunfilecheck.sty
Package: rerunfilecheck 2019/12/05 v1.9 Rerun checks for auxiliary files (HO)
 (c:/Users/p4jo/AppData/Roaming/texlive/2020/texmf-dist/tex/generic/uniquecounter/uniquecounter.sty
Package: uniquecounter 2019/12/15 v1.4 Provide unlimited unique counter (HO)
)
Package uniquecounter Info: New unique counter `rerunfilecheck' on input line 286.
)
\Hy@SectionHShift=\skip73
) (c:/Users/p4jo/AppData/Roaming/texlive/2020/texmf-dist/tex/latex/graphics/color.sty
Package: color 2019/11/23 v1.2a Standard LaTeX Color (DPC)
 (c:/Users/p4jo/AppData/Roaming/texlive/2020/texmf-dist/tex/latex/graphics-cfg/color.cfg
File: color.cfg 2016/01/02 v1.6 sample color configuration
)
Package color Info: Driver file: pdftex.def on input line 147.
 (c:/Users/p4jo/AppData/Roaming/texlive/2020/texmf-dist/tex/latex/graphics-def/pdftex.def
File: pdftex.def 2018/01/08 v1.0l Graphics/color driver for pdftex
)) (c:/Users/p4jo/AppData/Roaming/texlive/2020/texmf-dist/tex/latex/tools/longtable.sty
Package: longtable 2020/01/07 v4.13 Multi-page Table package (DPC)
\LTleft=\skip74
\LTright=\skip75
\LTpre=\skip76
\LTpost=\skip77
\LTchunksize=\count297
\LTcapwidth=\dimen156
\LT@head=\box50
\LT@firsthead=\box51
\LT@foot=\box52
\LT@lastfoot=\box53
\LT@cols=\count298
\LT@rows=\count299
\c@LT@tables=\count300
\c@LT@chunks=\count301
\LT@p@ftn=\toks27
)
Class scrreprt Info: longtable captions redefined on input line 30.
 (c:/Users/p4jo/AppData/Roaming/texlive/2020/texmf-dist/tex/latex/tools/bm.sty
Package: bm 2019/07/24 v1.2d Bold Symbol Support (DPC/FMi)
\symboldoperators=\mathgroup12
\symboldletters=\mathgroup13
\symboldsymbols=\mathgroup14
\symboldlargesymbols=\mathgroup15
LaTeX Font Info:    Redeclaring math alphabet \mathbf on input line 141.
LaTeX Info: Redefining \bm on input line 209.
) (c:/Users/p4jo/AppData/Roaming/texlive/2020/texmf-dist/tex/latex/xcolor/xcolor.sty
Package: xcolor 2016/05/11 v2.12 LaTeX color extensions (UK)
 (c:/Users/p4jo/AppData/Roaming/texlive/2020/texmf-dist/tex/latex/graphics-cfg/color.cfg
File: color.cfg 2016/01/02 v1.6 sample color configuration
)
Package xcolor Info: Driver file: pdftex.def on input line 225.
LaTeX Info: Redefining \color on input line 709.
Package xcolor Info: Model `cmy' substituted by `cmy0' on input line 1348.
Package xcolor Info: Model `hsb' substituted by `rgb' on input line 1352.
Package xcolor Info: Model `RGB' extended on input line 1364.
Package xcolor Info: Model `HTML' substituted by `rgb' on input line 1366.
Package xcolor Info: Model `Hsb' substituted by `hsb' on input line 1367.
Package xcolor Info: Model `tHsb' substituted by `hsb' on input line 1368.
Package xcolor Info: Model `HSB' substituted by `hsb' on input line 1369.
Package xcolor Info: Model `Gray' substituted by `gray' on input line 1370.
Package xcolor Info: Model `wave' substituted by `hsb' on input line 1371.
) (c:/Users/p4jo/AppData/Roaming/texlive/2020/texmf-dist/tex/latex/pgf/utilities/pgffor.sty (c:/Users/p4jo/AppData/Roaming/texlive/2020/texmf-dist/tex/latex/pgf/utilities/pgfrcs.sty (c:/Users/p4jo/AppData/Roaming/texlive/2020/texmf-dist/tex/generic/pgf/utilities/pgfutil-common.tex
\pgfutil@everybye=\toks28
\pgfutil@tempdima=\dimen157
\pgfutil@tempdimb=\dimen158
 (c:/Users/p4jo/AppData/Roaming/texlive/2020/texmf-dist/tex/generic/pgf/utilities/pgfutil-common-lists.tex)) (c:/Users/p4jo/AppData/Roaming/texlive/2020/texmf-dist/tex/generic/pgf/utilities/pgfutil-latex.def
\pgfutil@abb=\box54
 (c:/Users/p4jo/AppData/Roaming/texlive/2020/texmf-dist/tex/latex/ms/everyshi.sty
Package: everyshi 2001/05/15 v3.00 EveryShipout Package (MS)
)) (c:/Users/p4jo/AppData/Roaming/texlive/2020/texmf-dist/tex/generic/pgf/utilities/pgfrcs.code.tex (c:/Users/p4jo/AppData/Roaming/texlive/2020/texmf-dist/tex/generic/pgf/pgf.revision.tex)
Package: pgfrcs 2020/01/08 v3.1.5b (3.1.5b)
)) (c:/Users/p4jo/AppData/Roaming/texlive/2020/texmf-dist/tex/latex/pgf/utilities/pgfkeys.sty (c:/Users/p4jo/AppData/Roaming/texlive/2020/texmf-dist/tex/generic/pgf/utilities/pgfkeys.code.tex
\pgfkeys@pathtoks=\toks29
\pgfkeys@temptoks=\toks30
 (c:/Users/p4jo/AppData/Roaming/texlive/2020/texmf-dist/tex/generic/pgf/utilities/pgfkeysfiltered.code.tex
\pgfkeys@tmptoks=\toks31
))) (c:/Users/p4jo/AppData/Roaming/texlive/2020/texmf-dist/tex/latex/pgf/math/pgfmath.sty (c:/Users/p4jo/AppData/Roaming/texlive/2020/texmf-dist/tex/generic/pgf/math/pgfmath.code.tex (c:/Users/p4jo/AppData/Roaming/texlive/2020/texmf-dist/tex/generic/pgf/math/pgfmathcalc.code.tex (c:/Users/p4jo/AppData/Roaming/texlive/2020/texmf-dist/tex/generic/pgf/math/pgfmathutil.code.tex
\pgf@x=\dimen159
\pgf@xa=\dimen160
\pgf@xb=\dimen161
\pgf@xc=\dimen162
\pgf@y=\dimen163
\pgf@ya=\dimen164
\pgf@yb=\dimen165
\pgf@yc=\dimen166
\c@pgf@counta=\count302
\c@pgf@countb=\count303
\c@pgf@countc=\count304
\c@pgf@countd=\count305
) (c:/Users/p4jo/AppData/Roaming/texlive/2020/texmf-dist/tex/generic/pgf/math/pgfmathparser.code.tex
\pgfmath@dimen=\dimen167
\pgfmath@count=\count306
\pgfmath@box=\box55
\pgfmath@toks=\toks32
\pgfmath@stack@operand=\toks33
\pgfmath@stack@operation=\toks34
) (c:/Users/p4jo/AppData/Roaming/texlive/2020/texmf-dist/tex/generic/pgf/math/pgfmathfunctions.code.tex (c:/Users/p4jo/AppData/Roaming/texlive/2020/texmf-dist/tex/generic/pgf/math/pgfmathfunctions.basic.code.tex) (c:/Users/p4jo/AppData/Roaming/texlive/2020/texmf-dist/tex/generic/pgf/math/pgfmathfunctions.trigonometric.code.tex) (c:/Users/p4jo/AppData/Roaming/texlive/2020/texmf-dist/tex/generic/pgf/math/pgfmathfunctions.random.code.tex) (c:/Users/p4jo/AppData/Roaming/texlive/2020/texmf-dist/tex/generic/pgf/math/pgfmathfunctions.comparison.code.tex) (c:/Users/p4jo/AppData/Roaming/texlive/2020/texmf-dist/tex/generic/pgf/math/pgfmathfunctions.base.code.tex) (c:/Users/p4jo/AppData/Roaming/texlive/2020/texmf-dist/tex/generic/pgf/math/pgfmathfunctions.round.code.tex) (c:/Users/p4jo/AppData/Roaming/texlive/2020/texmf-dist/tex/generic/pgf/math/pgfmathfunctions.misc.code.tex) (c:/Users/p4jo/AppData/Roaming/texlive/2020/texmf-dist/tex/generic/pgf/math/pgfmathfunctions.integerarithmetics.code.tex))) (c:/Users/p4jo/AppData/Roaming/texlive/2020/texmf-dist/tex/generic/pgf/math/pgfmathfloat.code.tex
\c@pgfmathroundto@lastzeros=\count307
))) (c:/Users/p4jo/AppData/Roaming/texlive/2020/texmf-dist/tex/generic/pgf/utilities/pgffor.code.tex
Package: pgffor 2020/01/08 v3.1.5b (3.1.5b)
 (c:/Users/p4jo/AppData/Roaming/texlive/2020/texmf-dist/tex/generic/pgf/math/pgfmath.code.tex)
\pgffor@iter=\dimen168
\pgffor@skip=\dimen169
\pgffor@stack=\toks35
\pgffor@toks=\toks36
)) (c:/Users/p4jo/AppData/Roaming/texlive/2020/texmf-dist/tex/latex/koma-script/scrlayer-scrpage.sty
Package: scrlayer-scrpage 2020/01/24 v3.29 KOMA-Script package (end user interface for scrlayer)
 (c:/Users/p4jo/AppData/Roaming/texlive/2020/texmf-dist/tex/latex/koma-script/scrlayer.sty
Package: scrlayer 2020/01/24 v3.29 KOMA-Script package (defining layers and page styles)
Package scrlayer Info: Using already defined \footheight
(scrlayer)             hoping, that this is a length and
(scrlayer)             not only a macro on input line 109.
Package scrlayer Info: patching LaTeX kernel macro \pagestyle on input line 2106.
)
Package scrlayer-scrpage Info: Makeing stand-alone element `pagehead' from
(scrlayer-scrpage)             alias to `pageheadfoot' on input line 1244.
Package scrlayer-scrpage Info: deactivating warning for font element
(scrlayer-scrpage)             `pagefoot' on input line 1271.
)
Package scrlayer-scrpage Info: auto-selection of `pagestyleset=KOMA-Script'.

1: section
1: chapter
1: chapter
1: section
(c:/Users/p4jo/AppData/Roaming/texlive/2020/texmf-dist/tex/latex/tools/xspace.sty
Package: xspace 2014/10/28 v1.13 Space after command names (DPC,MH)
)
Package hyperref Info: Option `colorlinks' set `true' on input line 55.
Package hyperref Info: Option `bookmarksnumbered' set `true' on input line 55.
Package csquotes Info: Checking for multilingual support...
Package csquotes Info: ... found 'babel' package.
Package csquotes Info: Adjusting default style.
Package csquotes Info: Redefining alias 'default' -> 'ngerman'.
 (c:/Users/p4jo/AppData/Roaming/texlive/2020/texmf-dist/tex/latex/l3backend/l3backend-pdfmode.def
File: l3backend-pdfmode.def 2020-03-12 L3 backend support: PDF mode
\l__kernel_color_stack_int=\count308
\l__pdf_internal_box=\box56
) (a:/Zeug/NaturalUnits/main.aux)
\openout1 = `main.aux'.

LaTeX Font Info:    Checking defaults for OML/cmm/m/it on input line 64.
LaTeX Font Info:    ... okay on input line 64.
LaTeX Font Info:    Checking defaults for OMS/cmsy/m/n on input line 64.
LaTeX Font Info:    ... okay on input line 64.
LaTeX Font Info:    Checking defaults for OT1/cmr/m/n on input line 64.
LaTeX Font Info:    ... okay on input line 64.
LaTeX Font Info:    Checking defaults for T1/cmr/m/n on input line 64.
LaTeX Font Info:    ... okay on input line 64.
LaTeX Font Info:    Checking defaults for TS1/cmr/m/n on input line 64.
LaTeX Font Info:    ... okay on input line 64.
LaTeX Font Info:    Checking defaults for OMX/cmex/m/n on input line 64.
LaTeX Font Info:    ... okay on input line 64.
LaTeX Font Info:    Checking defaults for U/cmr/m/n on input line 64.
LaTeX Font Info:    ... okay on input line 64.
LaTeX Font Info:    Checking defaults for LGR/cmr/m/n on input line 64.
LaTeX Font Info:    Trying to load font information for LGR+cmr on input line 64.
 (c:/Users/p4jo/AppData/Roaming/texlive/2020/texmf-dist/tex/latex/cbfonts-fd/lgrcmr.fd
File: lgrcmr.fd 2017/07/29 v1.2 Greek European Computer Regular
)
LaTeX Font Info:    ... okay on input line 64.
LaTeX Font Info:    Checking defaults for PD1/pdf/m/n on input line 64.
LaTeX Font Info:    ... okay on input line 64.
LaTeX Info: Redefining \microtypecontext on input line 64.
Package microtype Info: Generating PDF output.
Package microtype Info: Character protrusion enabled (level 2).
Package microtype Info: Using default protrusion set `alltext'.
Package microtype Info: Automatic font expansion enabled (level 2),
(microtype)             stretch: 20, shrink: 20, step: 1, non-selected.
Package microtype Info: Using default expansion set `basictext'.
LaTeX Info: Redefining \showhyphens on input line 64.
Package microtype Info: No adjustment of tracking.
Package microtype Info: No adjustment of interword spacing.
Package microtype Info: No adjustment of character kerning.
 (c:/Users/p4jo/AppData/Roaming/texlive/texmf-local/tex/latex/MinionPro/mt-MinionPro.cfg
File: mt-MinionPro.cfg 2005/02/07 v1.0 microtype config file for MinionPro
)
\AtBeginShipoutBox=\box57
Package hyperref Info: Link coloring ON on input line 64.
 (c:/Users/p4jo/AppData/Roaming/texlive/2020/texmf-dist/tex/latex/hyperref/nameref.sty
Package: nameref 2019/09/16 v2.46 Cross-referencing by name of section
 (c:/Users/p4jo/AppData/Roaming/texlive/2020/texmf-dist/tex/latex/refcount/refcount.sty
Package: refcount 2019/12/15 v3.6 Data extraction from label references (HO)
) (c:/Users/p4jo/AppData/Roaming/texlive/2020/texmf-dist/tex/generic/gettitlestring/gettitlestring.sty
Package: gettitlestring 2019/12/15 v1.6 Cleanup title references (HO)
)
\c@section@level=\count309
)
LaTeX Info: Redefining \ref on input line 64.
LaTeX Info: Redefining \pageref on input line 64.
LaTeX Info: Redefining \nameref on input line 64.
 (a:/Zeug/NaturalUnits/main.out) (a:/Zeug/NaturalUnits/main.out)
\@outlinefile=\write3
\openout3 = `main.out'.

Class scrreprt Info: loading recommended package `bookmark'.
(scrreprt)           Using `bookmark' together with `hyperref' is recommended,
(scrreprt)           because of handling of possible bookmark level gaps.
(scrreprt)           You can avoid loading `bookmark' with KOMA-Script option
(scrreprt)           `bookmarkpackage=false' before \begin{document} and
(scrreprt)           you can avoid this message adding:
(scrreprt)             \usepackage{bookmark}
(scrreprt)           before \begin{document} on input line 64.
 (c:/Users/p4jo/AppData/Roaming/texlive/2020/texmf-dist/tex/latex/bookmark/bookmark.sty
Package: bookmark 2019/12/03 v1.28 PDF bookmarks (HO)
 (c:/Users/p4jo/AppData/Roaming/texlive/2020/texmf-dist/tex/latex/bookmark/bkm-pdftex.def
File: bkm-pdftex.def 2019/12/03 v1.28 bookmark driver for pdfTeX (HO)
Package auxhook Info: \AddLineBeginMainAux comes a little late,
(auxhook)             because the main .aux file is already opened on input line 168.
\BKM@id=\count310
)) (c:/Users/p4jo/AppData/Roaming/texlive/2020/texmf-dist/tex/context/base/mkii/supp-pdf.mkii
[Loading MPS to PDF converter (version 2006.09.02).]
\scratchcounter=\count311
\scratchdimen=\dimen170
\scratchbox=\box58
\nofMPsegments=\count312
\nofMParguments=\count313
\everyMPshowfont=\toks37
\MPscratchCnt=\count314
\MPscratchDim=\dimen171
\MPnumerator=\count315
\makeMPintoPDFobject=\count316
\everyMPtoPDFconversion=\toks38
) ABD: EveryShipout initializing macros (a:/Zeug/NaturalUnits/NaturalUnits.tex
chapter 1.
LaTeX Font Info:    Trying to load font information for T1+MyriadPro-LF on input line 2.
(c:/Users/p4jo/AppData/Roaming/texlive/texmf-local/tex/latex/MyriadPro/T1MyriadPro-LF.fd
File: T1MyriadPro-LF.fd 2011/12/19 v0.1 font definitions for T1/MyriadPro-LF.
 (c:/Users/p4jo/AppData/Roaming/texlive/texmf-local/tex/latex/MyriadPro/MyriadPro-FontDef.sty
File: MyriadPro-FontDef.sty 2012/02/17 v0.3 font definition macros
)) (c:/Users/p4jo/AppData/Roaming/texlive/texmf-local/tex/latex/MyriadPro/mt-MyriadPro.cfg
File: mt-MyriadPro.cfg 2011/12/19 v0.1 microtype config file for MyriadPro
)
LaTeX Font Info:    Trying to load font information for OML+MinionPro-TOsF on input line 3.
 (c:/Users/p4jo/AppData/Roaming/texlive/texmf-local/tex/latex/MinionPro/OMLMinionPro-TOsF.fd
File: OMLMinionPro-TOsF.fd 2005/01/23 v2.0 font definitions for OML/MinionPro-TOsF.
 (c:/Users/p4jo/AppData/Roaming/texlive/texmf-local/tex/latex/MinionPro/MinionPro-FontDef.sty
File: MinionPro-FontDef.sty 2007/02/01 v2.2 font definition macros
))
LaTeX Font Info:    Font shape `U/MdSymbolB/m/n' will be
(Font)              scaled to size 12.0pt on input line 3.
LaTeX Font Info:    Font shape `U/MdSymbolB/m/n' will be
(Font)              scaled to size 8.0pt on input line 3.
LaTeX Font Info:    Font shape `U/MdSymbolB/m/n' will be
(Font)              scaled to size 6.0pt on input line 3.
LaTeX Font Info:    Font shape `U/MdSymbolC/m/n' will be
(Font)              scaled to size 12.0pt on input line 3.
LaTeX Font Info:    Font shape `U/MdSymbolC/m/n' will be
(Font)              scaled to size 8.0pt on input line 3.
LaTeX Font Info:    Font shape `U/MdSymbolC/m/n' will be
(Font)              scaled to size 6.0pt on input line 3.
LaTeX Font Info:    Font shape `U/MdSymbolD/m/n' will be
(Font)              scaled to size 12.0pt on input line 3.
LaTeX Font Info:    Font shape `U/MdSymbolD/m/n' will be
(Font)              scaled to size 8.0pt on input line 3.
LaTeX Font Info:    Font shape `U/MdSymbolD/m/n' will be
(Font)              scaled to size 6.0pt on input line 3.
LaTeX Font Info:    Font shape `U/MdSymbolF/m/n' will be
(Font)              scaled to size 12.0pt on input line 3.
LaTeX Font Info:    Font shape `U/MdSymbolF/m/n' will be
(Font)              scaled to size 8.0pt on input line 3.
LaTeX Font Info:    Font shape `U/MdSymbolF/m/n' will be
(Font)              scaled to size 6.0pt on input line 3.

Overfull \hbox (57.04633pt too wide) in alignment at lines 3--22
 [] [] 
 []


Overfull \hbox (57.04633pt too wide) in alignment at lines 22--42
 [] [] 
 []


Overfull \hbox (57.04633pt too wide) in alignment at lines 42--62
 [] [] 
 []

LaTeX Font Info:    Font shape `T1/MinionPro-LF/m/sl' in size <12> not available
(Font)              Font shape `T1/MinionPro-LF/m/it' tried instead on input line 62.
[1



{c:/Users/p4jo/AppData/Roaming/texlive/2020/texmf-var/fonts/map/pdftex/updmap/pdftex.map}]
Overfull \hbox (57.04633pt too wide) in alignment at lines 62--82
 [] [] 
 []


Overfull \hbox (57.04633pt too wide) in alignment at lines 82--102
 [] [] 
 []


Overfull \hbox (57.04633pt too wide) in alignment at lines 102--122
 [] [] 
 []

[2]
Overfull \hbox (57.04633pt too wide) in alignment at lines 122--142
 [] [] 
 []


Overfull \hbox (57.04633pt too wide) in alignment at lines 142--162
 [] [] 
 []

[3]
Overfull \hbox (57.04633pt too wide) in alignment at lines 162--182
 [] [] 
 []


Overfull \hbox (57.04633pt too wide) in alignment at lines 182--202
 [] [] 
 []

[4]
Overfull \hbox (57.04633pt too wide) in alignment at lines 202--222
 [] [] 
 []


Overfull \hbox (57.04633pt too wide) in alignment at lines 222--242
 [] [] 
 []


Overfull \hbox (57.04633pt too wide) in alignment at lines 242--262
 [] [] 
 []

[5]
Overfull \hbox (57.04633pt too wide) in alignment at lines 262--282
 [] [] 
 []


Overfull \hbox (57.04633pt too wide) in alignment at lines 282--302
 [] [] 
 []

[6]
Overfull \hbox (57.04633pt too wide) in alignment at lines 302--322
 [] [] 
 []


Overfull \hbox (57.04633pt too wide) in alignment at lines 322--342
 [] [] 
 []

[7]
Overfull \hbox (57.04633pt too wide) in alignment at lines 342--362
 [] [] 
 []


Overfull \hbox (57.04633pt too wide) in alignment at lines 362--382
 [] [] 
 []

[8]
Overfull \hbox (57.04633pt too wide) in alignment at lines 382--402
 [] [] 
 []


Overfull \hbox (57.04633pt too wide) in alignment at lines 402--422
 [] [] 
 []


Overfull \hbox (57.04633pt too wide) in alignment at lines 422--442
 [] [] 
 []

[9]
Overfull \hbox (57.04633pt too wide) in alignment at lines 442--462
 [] [] 
 []


Overfull \hbox (57.04633pt too wide) in alignment at lines 462--482
 [] [] 
 []

[10]
Overfull \hbox (57.04633pt too wide) in alignment at lines 482--502
 [] [] 
 []


Overfull \hbox (57.04633pt too wide) in alignment at lines 502--522
 [] [] 
 []

[11]
Overfull \hbox (57.04633pt too wide) in alignment at lines 522--542
 [] [] 
 []


Overfull \hbox (57.04633pt too wide) in alignment at lines 542--562
 [] [] 
 []

[12]
Overfull \hbox (57.04633pt too wide) in alignment at lines 562--582
 [] [] 
 []


Overfull \hbox (57.04633pt too wide) in alignment at lines 582--602
 [] [] 
 []


Overfull \hbox (57.04633pt too wide) in alignment at lines 602--622
 [] [] 
 []

[13]
Overfull \hbox (57.04633pt too wide) in alignment at lines 622--642
 [] [] 
 []


Overfull \hbox (57.04633pt too wide) in alignment at lines 642--662
 [] [] 
 []

[14]
Overfull \hbox (57.04633pt too wide) in alignment at lines 662--682
 [] [] 
 []


Overfull \hbox (57.04633pt too wide) in alignment at lines 682--702
 [] [] 
 []

[15]
Overfull \hbox (57.04633pt too wide) in alignment at lines 702--722
 [] [] 
 []


Overfull \hbox (57.04633pt too wide) in alignment at lines 722--742
 [] [] 
 []

[16]
Overfull \hbox (57.04633pt too wide) in alignment at lines 742--762
 [] [] 
 []


Overfull \hbox (57.04633pt too wide) in alignment at lines 762--782
 [] [] 
 []


Overfull \hbox (57.04633pt too wide) in alignment at lines 782--802
 [] [] 
 []

[17]
Overfull \hbox (57.04633pt too wide) in alignment at lines 802--822
 [] [] 
 []


Overfull \hbox (57.04633pt too wide) in alignment at lines 822--841
 [] [] 
 []

[18]
Overfull \hbox (57.04633pt too wide) in alignment at lines 841--848
 [] [] 
 []

[19] [20


]
chapter 2.

Overfull \hbox (58.08928pt too wide) in alignment at lines 850--869
 [] [] 
 []


Overfull \hbox (58.08928pt too wide) in alignment at lines 869--889
 [] [] 
 []


Overfull \hbox (58.08928pt too wide) in alignment at lines 889--909
 [] [] 
 []

[21]
Overfull \hbox (58.08928pt too wide) in alignment at lines 909--929
 [] [] 
 []


Overfull \hbox (58.08928pt too wide) in alignment at lines 929--949
 [] [] 
 []


Overfull \hbox (58.08928pt too wide) in alignment at lines 949--969
 [] [] 
 []

[22]
Overfull \hbox (58.08928pt too wide) in alignment at lines 969--989
 [] [] 
 []


Overfull \hbox (58.08928pt too wide) in alignment at lines 989--1009
 [] [] 
 []

[23]
Overfull \hbox (58.08928pt too wide) in alignment at lines 1009--1029
 [] [] 
 []


Overfull \hbox (58.08928pt too wide) in alignment at lines 1029--1049
 [] [] 
 []

[24]
Overfull \hbox (58.08928pt too wide) in alignment at lines 1049--1069
 [] [] 
 []


Overfull \hbox (58.08928pt too wide) in alignment at lines 1069--1089
 [] [] 
 []


Overfull \hbox (58.08928pt too wide) in alignment at lines 1089--1109
 [] [] 
 []

[25]
Overfull \hbox (58.08928pt too wide) in alignment at lines 1109--1129
 [] [] 
 []


Overfull \hbox (58.08928pt too wide) in alignment at lines 1129--1149
 [] [] 
 []

[26]
Overfull \hbox (58.08928pt too wide) in alignment at lines 1149--1169
 [] [] 
 []


Overfull \hbox (58.08928pt too wide) in alignment at lines 1169--1189
 [] [] 
 []

[27]
Overfull \hbox (58.08928pt too wide) in alignment at lines 1189--1209
 [] [] 
 []


Overfull \hbox (58.08928pt too wide) in alignment at lines 1209--1229
 [] [] 
 []

[28]
Overfull \hbox (58.08928pt too wide) in alignment at lines 1229--1249
 [] [] 
 []


Overfull \hbox (58.08928pt too wide) in alignment at lines 1249--1269
 [] [] 
 []


Overfull \hbox (58.08928pt too wide) in alignment at lines 1269--1289
 [] [] 
 []

[29]
Overfull \hbox (58.08928pt too wide) in alignment at lines 1289--1309
 [] [] 
 []


Overfull \hbox (58.08928pt too wide) in alignment at lines 1309--1329
 [] [] 
 []

[30]
Overfull \hbox (58.08928pt too wide) in alignment at lines 1329--1349
 [] [] 
 []


Overfull \hbox (58.08928pt too wide) in alignment at lines 1349--1369
 [] [] 
 []

[31]
Overfull \hbox (58.08928pt too wide) in alignment at lines 1369--1389
 [] [] 
 []


Overfull \hbox (58.08928pt too wide) in alignment at lines 1389--1409
 [] [] 
 []

[32]
Overfull \hbox (58.08928pt too wide) in alignment at lines 1409--1429
 [] [] 
 []


Overfull \hbox (58.08928pt too wide) in alignment at lines 1429--1449
 [] [] 
 []


Overfull \hbox (58.08928pt too wide) in alignment at lines 1449--1469
 [] [] 
 []

[33]
Overfull \hbox (58.08928pt too wide) in alignment at lines 1469--1489
 [] [] 
 []


Overfull \hbox (58.08928pt too wide) in alignment at lines 1489--1509
 [] [] 
 []

[34]
Overfull \hbox (58.08928pt too wide) in alignment at lines 1509--1529
 [] [] 
 []


Overfull \hbox (58.08928pt too wide) in alignment at lines 1529--1549
 [] [] 
 []

[35]
Overfull \hbox (58.08928pt too wide) in alignment at lines 1549--1569
 [] [] 
 []


Overfull \hbox (58.08928pt too wide) in alignment at lines 1569--1589
 [] [] 
 []

[36]
Overfull \hbox (58.08928pt too wide) in alignment at lines 1589--1609
 [] [] 
 []


Overfull \hbox (58.08928pt too wide) in alignment at lines 1609--1629
 [] [] 
 []


Overfull \hbox (58.08928pt too wide) in alignment at lines 1629--1649
 [] [] 
 []

[37]
Overfull \hbox (58.08928pt too wide) in alignment at lines 1649--1669
 [] [] 
 []


Overfull \hbox (58.08928pt too wide) in alignment at lines 1669--1688
 [] [] 
 []

[38]
Overfull \hbox (58.08928pt too wide) in alignment at lines 1688--1695
 [] [] 
 []

[39] [40


]
chapter 3.

Overfull \hbox (86.4943pt too wide) in alignment at lines 1697--1716
 [] [] 
 []


Overfull \hbox (86.4943pt too wide) in alignment at lines 1716--1736
 [] [] 
 []


Overfull \hbox (86.4943pt too wide) in alignment at lines 1736--1756
 [] [] 
 []

[41]
Overfull \hbox (86.4943pt too wide) in alignment at lines 1756--1776
 [] [] 
 []


Overfull \hbox (86.4943pt too wide) in alignment at lines 1776--1796
 [] [] 
 []


Overfull \hbox (86.4943pt too wide) in alignment at lines 1796--1816
 [] [] 
 []

[42]
Overfull \hbox (86.4943pt too wide) in alignment at lines 1816--1836
 [] [] 
 []


Overfull \hbox (86.4943pt too wide) in alignment at lines 1836--1856
 [] [] 
 []

[43]
Overfull \hbox (86.4943pt too wide) in alignment at lines 1856--1876
 [] [] 
 []


Overfull \hbox (86.4943pt too wide) in alignment at lines 1876--1896
 [] [] 
 []

[44]
Overfull \hbox (86.4943pt too wide) in alignment at lines 1896--1916
 [] [] 
 []


Overfull \hbox (86.4943pt too wide) in alignment at lines 1916--1936
 [] [] 
 []


Overfull \hbox (86.4943pt too wide) in alignment at lines 1936--1956
 [] [] 
 []

[45]
Overfull \hbox (86.4943pt too wide) in alignment at lines 1956--1976
 [] [] 
 []


Overfull \hbox (86.4943pt too wide) in alignment at lines 1976--1996
 [] [] 
 []

[46]
Overfull \hbox (86.4943pt too wide) in alignment at lines 1996--2016
 [] [] 
 []


Overfull \hbox (86.4943pt too wide) in alignment at lines 2016--2036
 [] [] 
 []

[47]
Overfull \hbox (86.4943pt too wide) in alignment at lines 2036--2056
 [] [] 
 []


Overfull \hbox (86.4943pt too wide) in alignment at lines 2056--2076
 [] [] 
 []

[48]
Overfull \hbox (86.4943pt too wide) in alignment at lines 2076--2096
 [] [] 
 []


Overfull \hbox (86.4943pt too wide) in alignment at lines 2096--2116
 [] [] 
 []


Overfull \hbox (86.4943pt too wide) in alignment at lines 2116--2136
 [] [] 
 []

[49]
Overfull \hbox (86.4943pt too wide) in alignment at lines 2136--2156
 [] [] 
 []


Overfull \hbox (86.4943pt too wide) in alignment at lines 2156--2176
 [] [] 
 []

[50]
Overfull \hbox (86.4943pt too wide) in alignment at lines 2176--2196
 [] [] 
 []


Overfull \hbox (86.4943pt too wide) in alignment at lines 2196--2216
 [] [] 
 []

[51]
Overfull \hbox (86.4943pt too wide) in alignment at lines 2216--2236
 [] [] 
 []


Overfull \hbox (86.4943pt too wide) in alignment at lines 2236--2256
 [] [] 
 []

[52]
Overfull \hbox (86.4943pt too wide) in alignment at lines 2256--2276
 [] [] 
 []


Overfull \hbox (86.4943pt too wide) in alignment at lines 2276--2296
 [] [] 
 []


Overfull \hbox (86.4943pt too wide) in alignment at lines 2296--2316
 [] [] 
 []

[53]
Overfull \hbox (86.4943pt too wide) in alignment at lines 2316--2336
 [] [] 
 []


Overfull \hbox (86.4943pt too wide) in alignment at lines 2336--2356
 [] [] 
 []

[54]
Overfull \hbox (86.4943pt too wide) in alignment at lines 2356--2376
 [] [] 
 []


Overfull \hbox (86.4943pt too wide) in alignment at lines 2376--2396
 [] [] 
 []

[55]
Overfull \hbox (86.4943pt too wide) in alignment at lines 2396--2416
 [] [] 
 []


Overfull \hbox (86.4943pt too wide) in alignment at lines 2416--2436
 [] [] 
 []

[56]
Overfull \hbox (86.4943pt too wide) in alignment at lines 2436--2456
 [] [] 
 []


Overfull \hbox (86.4943pt too wide) in alignment at lines 2456--2476
 [] [] 
 []


Overfull \hbox (86.4943pt too wide) in alignment at lines 2476--2496
 [] [] 
 []

[57]
Overfull \hbox (86.4943pt too wide) in alignment at lines 2496--2516
 [] [] 
 []


Overfull \hbox (86.4943pt too wide) in alignment at lines 2516--2535
 [] [] 
 []

[58]
Overfull \hbox (86.4943pt too wide) in alignment at lines 2535--2542
 [] [] 
 []

) [59] [60


]
Package atveryend Info: Empty hook `BeforeClearDocument' on input line 82.
Package atveryend Info: Empty hook `AfterLastShipout' on input line 82.
 (a:/Zeug/NaturalUnits/main.aux)
Package atveryend Info: Executing hook `AtVeryEndDocument' on input line 82.
Package atveryend Info: Executing hook `AtEndAfterFileList' on input line 82.
Package rerunfilecheck Info: File `main.out' has not changed.
(rerunfilecheck)             Checksum: D41D8CD98F00B204E9800998ECF8427E;0.
 ) 
Here is how much of TeX's memory you used:
 31224 strings out of 480607
 565618 string characters out of 5894245
 994059 words of memory out of 5000000
 46547 multiletter control sequences out of 15000+600000
 784780 words of font info for 156 fonts, out of 8000000 for 9000
 1141 hyphenation exceptions out of 8191
 64i,19n,88p,10144b,678s stack positions out of 5000i,500n,10000p,2000000b,80000s
{c:/Users/p4jo/AppData/Roaming/texlive/texmf-local/fonts/enc/dvips/MinionPro/base-MinionPro-ae.enc}{c:/Users/p4jo/AppData/Roaming/texlive/texmf-local/fonts/enc/dvips/MyriadPro/base-MyriadPro-ac.enc}{c:/Users/p4jo/AppData/Roaming/texlive/texmf-local/fonts/enc/dvips/MinionPro/base-MinionPro-ac.enc}{c:/Users/p4jo/AppData/Roaming/texlive/texmf-local/fonts/enc/dvips/MinionPro/base-MinionPro-aa.enc}{c:/Users/p4jo/AppData/Roaming/texlive/texmf-local/fonts/enc/dvips/MinionPro/base-MinionPro-ab.enc}{c:/Users/p4jo/AppData/Roaming/texlive/2020/texmf-dist/fonts/enc/dvips/mnsymbol/MnSymbolC.enc}{c:/Users/p4jo/AppData/Roaming/texlive/2020/texmf-dist/fonts/enc/dvips/mnsymbol/MnSymbolD.enc}{c:/Users/p4jo/AppData/Roaming/texlive/texmf-local/fonts/enc/dvips/MyriadPro/base-MyriadPro-aa.enc}{c:/Users/p4jo/AppData/Roaming/texlive/texmf-local/fonts/enc/dvips/MyriadPro/base-MyriadPro-ab.enc}<c:/Users/p4jo/AppData/Roaming/texlive/texmf-local/fonts/type1/adobe/MinionPro/MinionPro-Bold.pfb><c:/Users/p4jo/AppData/Roaming/texlive/texmf-local/fonts/type1/adobe/MinionPro/MinionPro-It.pfb><c:/Users/p4jo/AppData/Roaming/texlive/texmf-local/fonts/type1/adobe/MinionPro/MinionPro-Regular.pfb><c:/Users/p4jo/AppData/Roaming/texlive/2020/texmf-dist/fonts/type1/public/mnsymbol/MnSymbol12.pfb><c:/Users/p4jo/AppData/Roaming/texlive/2020/texmf-dist/fonts/type1/public/mnsymbol/MnSymbol8.pfb><c:/Users/p4jo/AppData/Roaming/texlive/texmf-local/fonts/type1/adobe/MyriadPro/MyriadPro-Bold.pfb>
Output written on a:/Zeug/NaturalUnits/main.pdf (60 pages, 536088 bytes).
PDF statistics:
 344 PDF objects out of 1000 (max. 8388607)
 273 compressed objects within 3 object streams
 67 named destinations out of 1000 (max. 500000)
 26137 words of extra memory for PDF output out of 29859 (max. 10000000)

